C51 COMPILER V9.60.7.0   MAIN                                                              08/28/2024 09:08:53 PAGE 1   


C51 COMPILER V9.60.7.0, COMPILATION OF MODULE MAIN
OBJECT MODULE PLACED IN .\Objects\main.obj
COMPILER INVOKED BY: C:\hoc\8051\Keil_C_v5\C51\BIN\C51.EXE main.c OPTIMIZE(8,SPEED) BROWSE DEBUG OBJECTEXTEND PRINT(.\Li
                    -stings\main.lst) TABS(2) OBJECT(.\Objects\main.obj)

line level    source

   1          #include "main.h"
   2          #include "C:\hoc\8051\bai_tap\Library\Delay\Delay.h"
   3          
   4          sbit IE74595_SHCP = P2^0; //SRCLK
   5          sbit IE74595_DS = P2^1;   //SER
   6          sbit IE74595_STCP = P2^2; //RCK
   7          
   8          
   9          
  10          void IE74595_Out(unsigned char *p, unsigned char n)
  11          {
  12   1        unsigned int i, j, b;
  13   1        for(j = 0; j<n; j++)
  14   1        {
  15   2          b = *(p + n - j - 1); //Lay tu byte cao nhat den byte thap nhat
  16   2          for(i=0; i<8; i++)
  17   2          {
  18   3            IE74595_DS = b & (0x80>>i); // lay tung bit cua byte b gui ra DS, lay tu bit cao xuong bit thap
  19   3            
  20   3            // tao xung nhan du lieu
  21   3            IE74595_SHCP = 0;
  22   3            IE74595_SHCP = 1;
  23   3          }
  24   2        }
  25   1      
  26   1        // tao xung xuat du lieu
  27   1        IE74595_STCP = 0;
  28   1        IE74595_STCP = 1;
  29   1      }
  30          
  31          void main()
  32          {
  33   1        unsigned char buffer[2], i;
  34   1        while(1)
  35   1        {
  36   2          //tat toan bo led 
  37   2          for(i =0; i<2; i++)
  38   2          {
  39   3            buffer[i] = 0x00;
  40   3          }
  41   2          IE74595_Out(buffer, 2);
  42   2          
  43   2          Delay_ms(500);
  44   2          
  45   2          // bat toan bo led
  46   2          for(i=0; i<2; i++)
  47   2          {
  48   3            buffer[i] = 0xFF;
  49   3          }
  50   2          IE74595_Out(buffer, 2);
  51   2          Delay_ms(500);
  52   2        }
  53   1      }

C51 COMPILER V9.60.7.0   MAIN                                                              08/28/2024 09:08:53 PAGE 2   


MODULE INFORMATION:   STATIC OVERLAYABLE
   CODE SIZE        =    171    ----
   CONSTANT SIZE    =   ----    ----
   XDATA SIZE       =   ----    ----
   PDATA SIZE       =   ----    ----
   DATA SIZE        =   ----      10
   IDATA SIZE       =   ----    ----
   BIT SIZE         =   ----    ----
END OF MODULE INFORMATION.


C51 COMPILATION COMPLETE.  0 WARNING(S),  0 ERROR(S)
