C51 COMPILER V9.60.7.0   MAIN                                                              08/18/2024 18:32:15 PAGE 1   


C51 COMPILER V9.60.7.0, COMPILATION OF MODULE MAIN
OBJECT MODULE PLACED IN .\Objects\main.obj
COMPILER INVOKED BY: C:\hoc\8051\Keil_C_v5\C51\BIN\C51.EXE main.c OPTIMIZE(8,SPEED) BROWSE DEBUG OBJECTEXTEND PRINT(.\Li
                    -stings\main.lst) TABS(2) OBJECT(.\Objects\main.obj)

line level    source

   1          #include "main.h"
   2          #include "C:\hoc\8051\bai_tap\Library\Delay\Delay.h"
   3          
   4          #define LED_PORT P2
   5          
   6          sbit LED_PIN_1 = P3^0;
   7          sbit LED_PIN_2 = P3^1;
   8          
   9          unsigned char code Code7Seg[] = {0xC0, 0x79, 0x24, 0x30, 0x19, 0x12, 0x02, 0x78, 0x00, 0x10};
  10          //dem tu 0 den 99 moi giay tang 1 so
  11          void main()
  12          {
  13   1        unsigned int dem ;
  14   1        unsigned int i;
  15   1        while(1)
  16   1        {
  17   2          for(dem=0; dem<100; dem++)
  18   2          {
  19   3            for(i=0; i<500; i++) // vi moi giay tang 1 so ma thuc hien quet led mat 2 giay => vong for se quet 500 
             -lan thi se Led se tang 1 so
  20   3            {
  21   4              LED_PORT = Code7Seg[dem/10];
  22   4              LED_PIN_1 = 0;              // bat led 1
  23   4              Delay_ms(1);
  24   4              LED_PIN_1 = 1;              //tat led 1
  25   4              
  26   4              LED_PORT = Code7Seg[dem%10];
  27   4              LED_PIN_2 = 0;              //bat led 2
  28   4              Delay_ms(1);
  29   4              LED_PIN_2 = 1;              //tat led 2
  30   4            }
  31   3          }
  32   2        }
  33   1      }


MODULE INFORMATION:   STATIC OVERLAYABLE
   CODE SIZE        =    118    ----
   CONSTANT SIZE    =     10    ----
   XDATA SIZE       =   ----    ----
   PDATA SIZE       =   ----    ----
   DATA SIZE        =   ----       4
   IDATA SIZE       =   ----    ----
   BIT SIZE         =   ----    ----
END OF MODULE INFORMATION.


C51 COMPILATION COMPLETE.  0 WARNING(S),  0 ERROR(S)
