C51 COMPILER V9.01   MAIN                                                                  08/29/2013 12:57:55 PAGE 1   


C51 COMPILER V9.01, COMPILATION OF MODULE MAIN
OBJECT MODULE PLACED IN main.OBJ
COMPILER INVOKED BY: D:\Keil\C51\BIN\C51.EXE main.c BROWSE DEBUG OBJECTEXTEND TABS(2)

line level    source

   1          /*******************************************************************************
   2          * 实 验 名     : 矩阵键盘实验
   3          * 使用的IO       : 数码管使用P0,键盘使用P3.0、P3.1、P3.2、P3.3
   4          * 实验效果       : 按矩阵键盘分别显示在数码管上面显示十六进制的0到F。
   5          * 注    意     ：
   6          *******************************************************************************/
   7          #include<reg51.h> 
   8          #include"lcd.h"
   9          
  10          #define GPIO_KEY P1
  11          
  12          unsigned char KeyValue;
  13          //用来存放读取到的键值
  14          unsigned char KeyState;
  15          //用来存放按键状态
  16          unsigned char PuZh[]=" Pechin Science ";
  17          void Delay10ms();   //延时50us
  18          void KeyDown();    //检测按键函数
  19           
  20          /*******************************************************************************
  21          * 函 数 名         : main
  22          * 函数功能       : 主函数
  23          * 输    入         : 无
  24          * 输    出         : 无
  25          *******************************************************************************/
  26          void main(void)
  27          {
  28   1        unsigned char i;
  29   1        LcdInit();
  30   1        KeyState=0;
  31   1        for(i=0;i<16;i++)
  32   1        {
  33   2      //    LcdWriteCom(0x80);
  34   2          LcdWriteData(PuZh[i]);  
  35   2        }
  36   1        while(1)
  37   1        {
  38   2          KeyDown();
  39   2          if(KeyState)
  40   2          {
  41   3            KeyState=0;
  42   3            LcdWriteCom(0x80+0x40);
  43   3            LcdWriteData('0'+KeyValue);
  44   3          }
  45   2        }       
  46   1      }
  47          /*******************************************************************************
  48          * 函 数 名         : KeyDown
  49          * 函数功能       : 检测有按键按下并读取键值
  50          * 输    入         : 无
  51          * 输    出         : 无
  52          *******************************************************************************/
  53          void KeyDown(void)
  54          {
  55   1        char a;
C51 COMPILER V9.01   MAIN                                                                  08/29/2013 12:57:55 PAGE 2   

  56   1        GPIO_KEY=0x0f;
  57   1        if(GPIO_KEY!=0x0f)
  58   1        {
  59   2          Delay10ms();
  60   2          if(GPIO_KEY!=0x0f)
  61   2          {
  62   3            KeyState=1;
  63   3            //测试列
  64   3            GPIO_KEY=0X0F;
  65   3      //      Delay10ms();
  66   3            switch(GPIO_KEY)
  67   3            {
  68   4              case(0X07): KeyValue=0;break;
  69   4              case(0X0b): KeyValue=1;break;
  70   4              case(0X0d): KeyValue=2;break;
  71   4              case(0X0e): KeyValue=3;break;
  72   4      //        default:  KeyValue=17;  //检测出错回复17意思是把数码管全灭掉。
  73   4            }
  74   3            //测试行
  75   3            GPIO_KEY=0XF0;
  76   3            Delay10ms();
  77   3            switch(GPIO_KEY)
  78   3            {
  79   4              case(0X70): KeyValue=KeyValue;break;
  80   4              case(0Xb0): KeyValue=KeyValue+4;break;
  81   4              case(0Xd0): KeyValue=KeyValue+8;break;
  82   4              case(0Xe0): KeyValue=KeyValue+12;break;
  83   4      //        default:  KeyValue=17;
  84   4            }
  85   3            while((a<50)&&(GPIO_KEY!=0xf0))  //检测按键松手检测
  86   3            {
  87   4              Delay10ms();
  88   4              a++;
  89   4            }
  90   3            a=0;
  91   3          }
  92   2        }
  93   1      }
  94          /*******************************************************************************
  95          * 函 数 名         : Delay10ms
  96          * 函数功能       : 延时函数，延时10ms
  97          * 输    入         : 无
  98          * 输    出         : 无
  99          *******************************************************************************/
 100          void Delay10ms(void)   //误差 0us
 101          {
 102   1          unsigned char a,b,c;
 103   1          for(c=1;c>0;c--)
 104   1              for(b=38;b>0;b--)
 105   1                  for(a=130;a>0;a--);
 106   1      }


MODULE INFORMATION:   STATIC OVERLAYABLE
   CODE SIZE        =    195    ----
   CONSTANT SIZE    =   ----    ----
   XDATA SIZE       =   ----    ----
   PDATA SIZE       =   ----    ----
   DATA SIZE        =     19       2
   IDATA SIZE       =   ----    ----
   BIT SIZE         =   ----    ----
END OF MODULE INFORMATION.

C51 COMPILER V9.01   MAIN                                                                  08/29/2013 12:57:55 PAGE 3   


C51 COMPILATION COMPLETE.  0 WARNING(S),  0 ERROR(S)
