C51 COMPILER V9.60.7.0   MAIN                                                              09/08/2024 17:58:58 PAGE 1   


C51 COMPILER V9.60.7.0, COMPILATION OF MODULE MAIN
OBJECT MODULE PLACED IN .\Objects\main.obj
COMPILER INVOKED BY: C:\hoc\8051\Keil_C_v5\C51\BIN\C51.EXE main.c OPTIMIZE(8,SPEED) BROWSE DEBUG OBJECTEXTEND PRINT(.\Li
                    -stings\main.lst) TABS(2) OBJECT(.\Objects\main.obj)

line level    source

   1          //du dung ic ADC0808 doc gia tri ADC hien thi LCD
   2          
   3          #include "main.h"
   4          #include "C:\hoc\8051\bai_tap\Library\Delay\Delay.h"
   5          #include "Port.h"
   6          #include "C:\hoc\8051\bai_tap\Library\LCD16x2_4bit\LCD4.h"
   7          #include "C:\hoc\8051\bai_tap\Library\ADC0808\ADC0808.h"
   8          #include "String.h"
   9          
  10          void main()
  11          {
  12   1        unsigned char adc_value;
  13   1        unsigned int voltage;
  14   1        LCD_RW = 0; // keo chan RW cua LCD xuong muc 0 de vao che do ghi du lieu len LCD (dat truoc ham khoi tao 
             -LCD)
  15   1        Lcd_Init(); // khoi tao LCD
  16   1        while(1)
  17   1        {
  18   2          // doc gia tri ADC
  19   2          adc_value = ADC0808_Read(0); // doc gia tri ADC tu kenh 0 cua ADC0808
  20   2          Lcd_Out(1,1,"ADC value: ");
  21   2          Lcd_Chr_Cp(adc_value/100 + 0x30);
  22   2          Lcd_Chr_Cp(adc_value%100/10 + 0x30);
  23   2          Lcd_Chr_Cp(adc_value%10 + 0x30);
  24   2          
  25   2          // doc gia tri voltage
  26   2          voltage = (unsigned int)adc_value*(5.0/255.0)*100;
  27   2          Lcd_Out(2,1,"voltage: ");
  28   2          Lcd_Chr_Cp(voltage/100 + 0x30);
  29   2          Lcd_Chr_Cp('.');
  30   2          Lcd_Chr_Cp(voltage%100/10 + 0x30);
  31   2          Lcd_Chr_Cp(voltage%10 + 0x30);
  32   2          
  33   2          Delay_ms(500); // trang man hinh LCD nhap nhay lien tuc
  34   2        }
  35   1      }


MODULE INFORMATION:   STATIC OVERLAYABLE
   CODE SIZE        =    191    ----
   CONSTANT SIZE    =     22    ----
   XDATA SIZE       =   ----    ----
   PDATA SIZE       =   ----    ----
   DATA SIZE        =   ----       3
   IDATA SIZE       =   ----    ----
   BIT SIZE         =   ----    ----
END OF MODULE INFORMATION.


C51 COMPILATION COMPLETE.  0 WARNING(S),  0 ERROR(S)
