C51 COMPILER V9.60.7.0   MAIN                                                              08/21/2024 09:48:09 PAGE 1   


C51 COMPILER V9.60.7.0, COMPILATION OF MODULE MAIN
OBJECT MODULE PLACED IN .\Objects\main.obj
COMPILER INVOKED BY: C:\hoc\8051\Keil_C_v5\C51\BIN\C51.EXE main.c OPTIMIZE(8,SPEED) BROWSE DEBUG OBJECTEXTEND PRINT(.\Li
                    -stings\main.lst) TABS(2) OBJECT(.\Objects\main.obj)

line level    source

   1          #include "main.h"
   2          #include "C:\hoc\8051\bai_tap\Library\Delay\Delay.h"
   3          #include "C:\hoc\8051\bai_tap\Library\IE 74595\IE74595.h"
   4          
   5          void main()
   6          {
   7   1        unsigned char buffer[2], i;
   8   1        while(1)
   9   1        {
  10   2          //tat toan bo led 
  11   2          for(i =0; i<2; i++)
  12   2          {
  13   3            buffer[i] = 0x00;
  14   3          }
  15   2          IE74595_Out(&buffer, 2);
  16   2          
  17   2          Delay_ms(500);
  18   2          
  19   2          // bat toan bo led
  20   2          for(i=0; i<2; i++)
  21   2          {
  22   3            buffer[i] = 0xFF;
  23   3          }
  24   2          IE74595_Out(&buffer, 2);
  25   2          Delay_ms(500);
  26   2        }
  27   1      }


MODULE INFORMATION:   STATIC OVERLAYABLE
   CODE SIZE        =     59    ----
   CONSTANT SIZE    =   ----    ----
   XDATA SIZE       =   ----    ----
   PDATA SIZE       =   ----    ----
   DATA SIZE        =   ----       2
   IDATA SIZE       =   ----    ----
   BIT SIZE         =   ----    ----
END OF MODULE INFORMATION.


C51 COMPILATION COMPLETE.  0 WARNING(S),  0 ERROR(S)
