C51 COMPILER V9.01   MAIN                                                                  05/31/2013 16:42:09 PAGE 1   


C51 COMPILER V9.01, COMPILATION OF MODULE MAIN
OBJECT MODULE PLACED IN main.OBJ
COMPILER INVOKED BY: D:\Keil\C51\BIN\C51.EXE main.c BROWSE DEBUG OBJECTEXTEND TABS(2)

line level    source

   1          /*******************************************************************************
   2          * 实验名        : EEPROM实验
   3          * 使用的IO      : 
   4          * 实验效果      : 按K1保存显示的数据，按K2读取上次保存的数据，按K3显示数据加一，
   5          *按K4显示数据清零。
   6          * 注意          ：由于P3.2口跟红外线共用，所以做按键实验时为了不让红外线影响实验效果，最好把红外线先
   7          *取下来。
   8          *
   9          *********************************************************************************/
  10          #include<reg51.h>
  11          #include"i2c.h"
  12          //数码管IO
  13          #define DIG P0
  14          sbit LSA=P2^2;
  15          sbit LSB=P2^3;
  16          sbit LSC=P2^4;
  17          //按键IO
  18          sbit K1=P3^1;
  19          sbit K2=P3^0;
  20          sbit K3=P3^2;
  21          sbit K4=P3^3;
  22          void At24c02Write(unsigned char ,unsigned char );
  23          unsigned char At24c02Read(unsigned char );
  24          void Delay1ms();
  25          void Timer0Configuration();
  26          unsigned char code DIG_CODE[10]={0x3f,0x06,0x5b,0x4f,0x66,0x6d,0x7d,0x07,0x7f,0x6f};
  27          unsigned char Num=0;
  28          unsigned int disp[8]={0x3f,0x3f,0x3f,0x3f,0x3f,0x3f,0x3f,0x3f};
  29          /*******************************************************************************
  30          * 函数名         : main
  31          * 函数功能       : 主函数
  32          * 输入           : 无
  33          * 输出           : 无
  34          *******************************************************************************/
  35          
  36          void main()
  37          {
  38   1        unsigned int num0=0,num1=0,n;
  39   1        Timer0Configuration();
  40   1        while(1)
  41   1        {
  42   2          if(K1==0)
  43   2          {
  44   3            Delay1ms();
  45   3            if(K1==0)
  46   3              At24c02Write(2,num0);
  47   3            while((n<200)&&(K3==0))
  48   3            {
  49   4              n++;
  50   4              Delay1ms(); 
  51   4            }     
  52   3            n=0;
  53   3            n=0;
  54   3          }
  55   2          
C51 COMPILER V9.01   MAIN                                                                  05/31/2013 16:42:09 PAGE 2   

  56   2          if(K2==0)
  57   2          {
  58   3            Delay1ms();
  59   3            if(K2==0)
  60   3              num0=At24c02Read(2);
  61   3            while((n<200)&&(K3==0))
  62   3            {
  63   4              n++;
  64   4              Delay1ms(); 
  65   4            }     
  66   3            n=0;
  67   3          }     
  68   2          if(K3==0)
  69   2          {
  70   3            Delay1ms();
  71   3            if(K3==0)
  72   3              num0++;
  73   3            while((n<200)&&(K3==0))
  74   3            {
  75   4              n++;
  76   4              Delay1ms(); 
  77   4            }     
  78   3            n=0;
  79   3            if(num0==256)
  80   3              num0=0;
  81   3          }
  82   2            
  83   2          if(K4==0)
  84   2          {
  85   3            Delay1ms();
  86   3            if(K4==0)
  87   3              num0=0;
  88   3            while((n<200)&&(K3==0))
  89   3            {
  90   4              n++;
  91   4              Delay1ms(); 
  92   4            }     
  93   3            n=0;
  94   3          }     
  95   2          disp[0]=DIG_CODE[num1/1000];//千位
  96   2          disp[1]=DIG_CODE[num1%1000/100];//百位
  97   2          disp[2]=DIG_CODE[num1%1000%100/10];//十位
  98   2          disp[3]=DIG_CODE[num1%1000%100%10];//个位
  99   2          disp[4]=DIG_CODE[num0/1000];//千位
 100   2          disp[5]=DIG_CODE[num0%1000/100];//百位
 101   2          disp[6]=DIG_CODE[num0%1000%100/10];//个位
 102   2          disp[7]=DIG_CODE[num0%1000%100%10]; 
 103   2        }
 104   1      }                  
 105          /*******************************************************************************
 106          * 函数名         : Timer0Configuration()
 107          * 函数功能       : 设置计时器
 108          * 输入           : 无
 109          * 输出           : 无
 110          *******************************************************************************/
 111          
 112          void Timer0Configuration()
 113          {
 114   1        TMOD=0X02;//选择为定时器模式，工作方式2，仅用TRX打开启动。
 115   1      
 116   1        TH0=0X9C; //给定时器赋初值，定时100us
 117   1        TL0=0X9C; 
C51 COMPILER V9.01   MAIN                                                                  05/31/2013 16:42:09 PAGE 3   

 118   1        ET0=1;//打开定时器0中断允许
 119   1        EA=1;//打开总中断
 120   1        TR0=1;//打开定时器    
 121   1      }
 122          /*******************************************************************************
 123          * 函数名         : Delay1ms()
 124          * 函数功能       : 延时
 125          * 输入           : 无
 126          * 输出           : 无
 127          *******************************************************************************/
 128          
 129          void Delay1ms()   //误差 0us
 130          {
 131   1          unsigned char a,b,c;
 132   1          for(c=1;c>0;c--)
 133   1              for(b=142;b>0;b--)
 134   1                  for(a=2;a>0;a--);
 135   1      }
 136          /*******************************************************************************
 137          * 函数名         : void At24c02Write(unsigned char addr,unsigned char dat)
 138          * 函数功能       : 往24c02的一个地址写入一个数据
 139          * 输入           : 无
 140          * 输出           : 无
 141          *******************************************************************************/
 142          
 143          void At24c02Write(unsigned char addr,unsigned char dat)
 144          {
 145   1        I2cStart();
 146   1        I2cSendByte(0xa0);//发送写器件地址
 147   1        I2cSendByte(addr);//发送要写入内存地址
 148   1        I2cSendByte(dat); //发送数据
 149   1        I2cStop();
 150   1      }
 151          /*******************************************************************************
 152          * 函数名         : unsigned char At24c02Read(unsigned char addr)
 153          * 函数功能       : 读取24c02的一个地址的一个数据
 154          * 输入           : 无
 155          * 输出           : 无
 156          *******************************************************************************/
 157          
 158          unsigned char At24c02Read(unsigned char addr)
 159          {
 160   1        unsigned char num;
 161   1        I2cStart();
 162   1        I2cSendByte(0xa0); //发送写器件地址
 163   1        I2cSendByte(addr); //发送要读取的地址
 164   1        I2cStart();
 165   1        I2cSendByte(0xa1); //发送读器件地址
 166   1        num=I2cReadByte(); //读取数据
 167   1        I2cStop();
 168   1        return num; 
 169   1      }
 170          /*******************************************************************************
 171          * 函数名         : DigDisplay() interrupt 1
 172          * 函数功能       : 中断数码管显示
 173          * 输入           : 无
 174          * 输出           : 无
 175          *******************************************************************************/
 176          
 177          void DigDisplay() interrupt 1
 178          {
 179   1      //定时器在工作方式二会自动重装初，所以不用在赋值。
C51 COMPILER V9.01   MAIN                                                                  05/31/2013 16:42:09 PAGE 4   

 180   1      //  TH0=0X9c;//给定时器赋初值，定时1ms
 181   1      //  TL0=0X00;   
 182   1        DIG=0; //消隐
 183   1        switch(Num)  //位选，选择点亮的数码管，
 184   1        {
 185   2          case(7):
 186   2            LSA=0;LSB=0;LSC=0; break;
 187   2          case(6):
 188   2            LSA=1;LSB=0;LSC=0; break;
 189   2          case(5):
 190   2            LSA=0;LSB=1;LSC=0; break;
 191   2          case(4):
 192   2            LSA=1;LSB=1;LSC=0; break;
 193   2          case(3):
 194   2            LSA=0;LSB=0;LSC=1; break;
 195   2          case(2):
 196   2            LSA=1;LSB=0;LSC=1; break;
 197   2          case(1):
 198   2            LSA=0;LSB=1;LSC=1; break;
 199   2          case(0):
 200   2            LSA=1;LSB=1;LSC=1; break; 
 201   2        }
 202   1        DIG=disp[Num]; //段选，选择显示的数字。
 203   1        Num++;
 204   1        if(Num>7)
 205   1          Num=0;
 206   1      }


MODULE INFORMATION:   STATIC OVERLAYABLE
   CODE SIZE        =    732    ----
   CONSTANT SIZE    =     10    ----
   XDATA SIZE       =   ----    ----
   PDATA SIZE       =   ----    ----
   DATA SIZE        =     17      10
   IDATA SIZE       =   ----    ----
   BIT SIZE         =   ----    ----
END OF MODULE INFORMATION.


C51 COMPILATION COMPLETE.  0 WARNING(S),  0 ERROR(S)
