C51 COMPILER V9.60.7.0   XPT2046                                                           09/08/2024 15:14:27 PAGE 1   


C51 COMPILER V9.60.7.0, COMPILATION OF MODULE XPT2046
OBJECT MODULE PLACED IN XPT2046.OBJ
COMPILER INVOKED BY: C:\hoc\8051\Keil_C_v5\C51\BIN\C51.EXE XPT2046.c OPTIMIZE(8,SPEED) BROWSE DEBUG OBJECTEXTEND TABS(2)

line level    source

   1          #include"XPT2046.h"
   2          
   3          void SPI_Start(void)
   4          {
   5   1        CLK = 0;
   6   1        CS  = 1;
   7   1        DIN = 1;
   8   1        CLK = 1;
   9   1        CS  = 0;    
  10   1      }
  11          
  12          
  13          void SPI_Write(uchar dat)
  14          {
  15   1        uchar i;
  16   1        CLK = 0;
  17   1        for(i=0; i<8; i++)
  18   1        {
  19   2          DIN = dat >> 7;   
  20   2          dat <<= 1;
  21   2          CLK = 0;      
  22   2          CLK = 1;
  23   2      
  24   2        }
  25   1      }
  26          
  27          uint SPI_Read(void)
  28          {
  29   1        uint i, dat=0;
  30   1        CLK = 0;
  31   1        for(i=0; i<12; i++) 
  32   1        {
  33   2          dat <<= 1;
  34   2      
  35   2          CLK = 1;
  36   2          CLK = 0;
  37   2      
  38   2          dat |= DOUT;
  39   2      
  40   2        }
  41   1        return dat; 
  42   1      }
  43          
  44          uint Read_AD_Data(uchar cmd)
  45          {
  46   1        uchar i;
  47   1        uint AD_Value;
  48   1        CLK = 0;
  49   1        CS  = 0;
  50   1        SPI_Write(cmd);
  51   1        for(i=6; i>0; i--); 
  52   1        CLK = 1;  
  53   1        _nop_();
  54   1        _nop_();
  55   1        CLK = 0;
C51 COMPILER V9.60.7.0   XPT2046                                                           09/08/2024 15:14:27 PAGE 2   

  56   1        _nop_();
  57   1        _nop_();
  58   1        AD_Value=SPI_Read();
  59   1        CS = 1;
  60   1        return AD_Value;  
  61   1      }


MODULE INFORMATION:   STATIC OVERLAYABLE
   CODE SIZE        =    100    ----
   CONSTANT SIZE    =   ----    ----
   XDATA SIZE       =   ----    ----
   PDATA SIZE       =   ----    ----
   DATA SIZE        =   ----    ----
   IDATA SIZE       =   ----    ----
   BIT SIZE         =   ----    ----
END OF MODULE INFORMATION.


C51 COMPILATION COMPLETE.  0 WARNING(S),  0 ERROR(S)
