C51 COMPILER V9.60.7.0   MAIN                                                              08/30/2024 21:47:38 PAGE 1   


C51 COMPILER V9.60.7.0, COMPILATION OF MODULE MAIN
OBJECT MODULE PLACED IN main.OBJ
COMPILER INVOKED BY: C:\hoc\8051\Keil_C_v5\C51\BIN\C51.EXE main.c OPTIMIZE(8,SPEED) BROWSE DEBUG OBJECTEXTEND TABS(2)

line level    source

   1          
   2          #include<reg51.h>
   3          
   4          #define GPIO_DIG P0
   5          #define GPIO_KEY P1
   6          
   7          sbit LSA=P2^2;
   8          sbit LSB=P2^3;
   9          sbit LSC=P2^4;
  10          
  11          unsigned char code DIG_CODE[16]={
  12          0x3f,0x06,0x5b,0x4f,0x66,0x6d,0x7d,0x07,
  13          0x7f,0x6f,0x77,0x7c,0x39,0x5e,0x79,0x71};
  14          
  15          unsigned char KeyValue;
  16          
  17          unsigned char KeyState;
  18          unsigned char DisplayData[8];
  19          
  20          void Delay10ms();  
  21          void KeyDown();    
  22          void DigDisplay(); 
  23          
  24          void main(void)
  25          {
  26   1        KeyState=0;
  27   1        while(1)
  28   1        {
  29   2          KeyDown();
  30   2          if(KeyState==1)
  31   2          {
  32   3            //khi phat hien nut duoc nhan se day cac so cu sang led ben trai tu led 1->led 8
  33   3            DisplayData[7]=DisplayData[6];
  34   3            DisplayData[6]=DisplayData[5];
  35   3            DisplayData[5]=DisplayData[4];
  36   3            DisplayData[4]=DisplayData[3];
  37   3            DisplayData[3]=DisplayData[2];
  38   3            DisplayData[2]=DisplayData[1];
  39   3            DisplayData[1]=DisplayData[0];
  40   3            DisplayData[0]=DIG_CODE[KeyValue];
  41   3            
  42   3            KeyState=0; // dat nut nhan ve trang thai chua nhan phim
  43   3          }
  44   2          DigDisplay();//hien thi du lieu len man hinh
  45   2        }       
  46   1      }
  47          
  48          void DigDisplay()
  49          {
  50   1        unsigned char i;
  51   1        unsigned int j;
  52   1        for(i=0;i<8;i++)
  53   1        {
  54   2          switch(i)  
  55   2          {
C51 COMPILER V9.60.7.0   MAIN                                                              08/30/2024 21:47:38 PAGE 2   

  56   3            case(0):
  57   3              LSA=0;LSB=0;LSC=0; break;
  58   3            case(1):
  59   3              LSA=1;LSB=0;LSC=0; break;
  60   3            case(2):
  61   3              LSA=0;LSB=1;LSC=0; break;
  62   3            case(3):
  63   3              LSA=1;LSB=1;LSC=0; break;
  64   3            case(4):
  65   3              LSA=0;LSB=0;LSC=1; break;
  66   3            case(5):
  67   3              LSA=1;LSB=0;LSC=1; break;
  68   3            case(6):
  69   3              LSA=0;LSB=1;LSC=1; break;
  70   3            case(7):
  71   3              LSA=1;LSB=1;LSC=1; break;
  72   3          }
  73   2          GPIO_DIG=DisplayData[i];
  74   2          // tao 1 khoang delay
  75   2          j=10;            
  76   2          while(j--); 
  77   2          // dat chan dieu khien sang tat ve muc 0
  78   2          GPIO_DIG=0x00;
  79   2        }
  80   1      }
  81          
  82          void KeyDown(void)
  83          {
  84   1        unsigned int a=0;
  85   1        GPIO_KEY=0x0f; //cho 4 bit thap cua chan P1 = 0 tuong ung voi cho cot bang 0
  86   1        if(GPIO_KEY!=0x0f) //neu nhu 1 nut duoc nhan tren so hang thi se kiem tra xem nut o hang may cot may duoc
             - nhan
  87   1        {
  88   2          Delay10ms();
  89   2          if(GPIO_KEY!=0x0f)
  90   2          {
  91   3            KeyState=1; //neu nhu phim duoc nhan thi se day bien kiem tra trang thai nhan phim len muc 1
  92   3            Delay10ms();
  93   3            switch(GPIO_KEY)
  94   3            {
  95   4              case(0X07): KeyValue=0;break;
  96   4              case(0X0b): KeyValue=1;break;
  97   4              case(0X0d): KeyValue=2;break;
  98   4              case(0X0e): KeyValue=3;break;
  99   4            }
 100   3            GPIO_KEY=0XF0;
 101   3            Delay10ms();
 102   3            switch(GPIO_KEY)
 103   3            {
 104   4              case(0Xb0): KeyValue=KeyValue+4;break;
 105   4              case(0Xd0): KeyValue=KeyValue+8;break;
 106   4              case(0Xe0): KeyValue=KeyValue+12;break;
 107   4            }
 108   3            
 109   3            while((a<500)&&(GPIO_KEY!=0xf0))   
 110   3            {
 111   4              Delay10ms();
 112   4              a++;
 113   4            }
 114   3            a=0; 
 115   3          }
 116   2        }
C51 COMPILER V9.60.7.0   MAIN                                                              08/30/2024 21:47:38 PAGE 3   

 117   1      }
 118          
 119          void Delay10ms(void)   
 120          {
 121   1          unsigned char a,b,c;
 122   1          for(c=1;c>0;c--)
 123   1              for(b=38;b>0;b--)
 124   1                  for(a=130;a>0;a--);
 125   1      }


MODULE INFORMATION:   STATIC OVERLAYABLE
   CODE SIZE        =    312    ----
   CONSTANT SIZE    =     16    ----
   XDATA SIZE       =   ----    ----
   PDATA SIZE       =   ----    ----
   DATA SIZE        =     10       2
   IDATA SIZE       =   ----    ----
   BIT SIZE         =   ----    ----
END OF MODULE INFORMATION.


C51 COMPILATION COMPLETE.  0 WARNING(S),  0 ERROR(S)
