C51 COMPILER V9.60.7.0   MAIN                                                              08/16/2024 17:20:02 PAGE 1   


C51 COMPILER V9.60.7.0, COMPILATION OF MODULE MAIN
OBJECT MODULE PLACED IN .\Objects\main.obj
COMPILER INVOKED BY: C:\hoc\8051\Keil_C_v5\C51\BIN\C51.EXE main.c OPTIMIZE(8,SPEED) BROWSE DEBUG OBJECTEXTEND PRINT(.\Li
                    -stings\main.lst) TABS(2) OBJECT(.\Objects\main.obj)

line level    source

   1          #include <REGX52.H>
   2          
   3          void Delay_ms(unsigned int t)
   4          {
   5   1        unsigned int x, y;
   6   1        for(x=0; x<t; x++)
   7   1        {
   8   2          for(y=0; y<123; y++);
   9   2        }
  10   1      }
  11          
  12          void main()
  13          {
  14   1        unsigned int i;
  15   1        
  16   1        while(1)
  17   1        {
  18   2          // Moi hieu ung thuc hien 5 lan
  19   2          
  20   2          // Hieu ung 1: ca 8 chan sang ca 8 chan tat
  21   2          for(i=0; i<5; i++)
  22   2          {
  23   3            P0 = 0x00;
  24   3            Delay_ms(500);
  25   3            P0 = 0xFF;
  26   3            Delay_ms(500);
  27   3          }
  28   2          
  29   2          // Hieu ung 2: 4 led dau sang, 4 led sau tat va nguoc lai
  30   2          for(i=0; i<5; i++)
  31   2          {
  32   3            P0 = 0xF0;
  33   3            Delay_ms(500);
  34   3            P0 = 0x0F;
  35   3            Delay_ms(500);
  36   3          }
  37   2          
  38   2          
  39   2          // Hieu ung 3: chop tat xen ke cac chan chan sang thi cac chan le tat, cac chan le sang thi cac chan cha
             -n tat
  40   2          for(i=0; i<5; i++)
  41   2          {
  42   3            P0 = 0xAA; // doi he 2 -> he 16 (BIN -> HEX)
  43   3            Delay_ms(500);
  44   3            P0 = 0x55;
  45   3            Delay_ms(500); // doi he 2 -> he 16 (BIN -> HEX)
  46   3          }
  47   2          
  48   2          // sang va tat tung led tu tren xuong
  49   2          P0 = 0x01;
  50   2          Delay_ms(500);
  51   2          P0 = 0x02;
  52   2          Delay_ms(500);
  53   2          P0 = 0x04;
C51 COMPILER V9.60.7.0   MAIN                                                              08/16/2024 17:20:02 PAGE 2   

  54   2          Delay_ms(500);
  55   2          P0 = 0x08;
  56   2          Delay_ms(500);
  57   2          P0 = 0x10;
  58   2          Delay_ms(500);
  59   2          P0 = 0x20;
  60   2          Delay_ms(500);
  61   2          P0 = 0x40;
  62   2          Delay_ms(500);
  63   2          P0 = 0x80;
  64   2          Delay_ms(500);
  65   2          
  66   2          // sang va tat tung led tu duoi lem
  67   2          P0 = 0x80;
  68   2          Delay_ms(500);
  69   2          P0 = 0x40;
  70   2          Delay_ms(500);
  71   2          P0 = 0x20;
  72   2          Delay_ms(500);
  73   2          P0 = 0x10;
  74   2          Delay_ms(500);
  75   2          P0 = 0x08;
  76   2          Delay_ms(500);    
  77   2          P0 = 0x04;
  78   2          Delay_ms(500);    
  79   2          P0 = 0x02;
  80   2          Delay_ms(500);    
  81   2          P0 = 0x01;
  82   2          Delay_ms(500);    
  83   2        }
  84   1      }


MODULE INFORMATION:   STATIC OVERLAYABLE
   CODE SIZE        =    211    ----
   CONSTANT SIZE    =   ----    ----
   XDATA SIZE       =   ----    ----
   PDATA SIZE       =   ----    ----
   DATA SIZE        =   ----    ----
   IDATA SIZE       =   ----    ----
   BIT SIZE         =   ----    ----
END OF MODULE INFORMATION.


C51 COMPILATION COMPLETE.  0 WARNING(S),  0 ERROR(S)
