C51 COMPILER V9.01   MAIN                                                                  08/02/2014 10:43:55 PAGE 1   


C51 COMPILER V9.01, COMPILATION OF MODULE MAIN
OBJECT MODULE PLACED IN main.OBJ
COMPILER INVOKED BY: D:\Keil\C51\BIN\C51.EXE main.c BROWSE DEBUG OBJECTEXTEND

line level    source

   1          #include"reg51.h"
   2          
   3          #include <intrins.h>
   4          sbit RX=P2^1;
   5          sbit TX=P2^0;
   6          unsigned int  time=0;
   7          unsigned int  timer=0;
   8          unsigned char posit=0;
   9          unsigned long S=0;
  10          bit      flag =0;
  11          //--定义使用的IO--//
  12          #define GPIO_DIG P0
  13          
  14          sbit LSA=P2^2;
  15          sbit LSB=P2^3;
  16          sbit LSC=P2^4;
  17          
  18          //--定义全局变量--//
  19          unsigned char code DIG_CODE[17]={
  20          0x3f,0x06,0x5b,0x4f,0x66,0x6d,0x7d,0x07,
  21          0x7f,0x6f,0x77,0x7c,0x39,0x5e,0x79,0x71};
  22          //0、1、2、3、4、5、6、7、8、9、A、b、C、d、E、F的显示码
  23          unsigned char disbuff[4]           ={ 0,0,0,0,};
  24          /*******************************************************************************
  25          * 函 数 名         : DigDisplay
  26          * 函数功能                 : 使用数码管显示
  27          * 输    入         : 无
  28          * 输    出         : 无
  29          *******************************************************************************/
  30          void DigDisplay()
  31          {
  32   1              unsigned char i;
  33   1              unsigned int j;
  34   1              for(i=0;i<8;i++)
  35   1              {
  36   2                      switch(i)        //位选，选择点亮的数码管，
  37   2                      {
  38   3                              case(0):
  39   3                                      LSA=0;LSB=0;LSC=0; break;//显示第0位
  40   3                              case(1):
  41   3                                      LSA=1;LSB=0;LSC=0; break;//显示第1位
  42   3                              case(2):
  43   3                                      LSA=0;LSB=1;LSC=0; break;//显示第2位
  44   3                              case(3):
  45   3                                      LSA=1;LSB=1;LSC=0; break;//显示第3位
  46   3                              case(4):
  47   3                                      LSA=0;LSB=0;LSC=1; break;//显示第4位
  48   3                              case(5):
  49   3                                      LSA=1;LSB=0;LSC=1; break;//显示第5位
  50   3                              case(6):
  51   3                                      LSA=0;LSB=1;LSC=1; break;//显示第6位
  52   3                              case(7):
  53   3                                      LSA=1;LSB=1;LSC=1; break;//显示第7位    
  54   3                      }
  55   2                      GPIO_DIG=disbuff[i];//发送段码
C51 COMPILER V9.01   MAIN                                                                  08/02/2014 10:43:55 PAGE 2   

  56   2                      j=10;                                            //扫描间隔时间设定
  57   2                      while(j--);     
  58   2                      GPIO_DIG=0x00;//消隐
  59   2              }
  60   1      }
  61          /********************************************************/
  62              void Conut(void)
  63                  {
  64   1               time=TH0*256+TL0;
  65   1               TH0=0;
  66   1               TL0=0;
  67   1              
  68   1               S= (long)(time*0.17);     //算出来是CM
  69   1               if((S>=4000)||flag==1) //超出测量范围显示“-”
  70   1               {       
  71   2                flag=0;
  72   2                disbuff[0]=0x3f;         //“-”
  73   2                disbuff[1]=0x50;         //“-”
  74   2                disbuff[2]=0x50;         //“-”
  75   2                disbuff[3]=0x79;         //“-”
  76   2               }
  77   1               else
  78   1               {
  79   2                disbuff[3]=DIG_CODE[S%10000/1000];
  80   2                disbuff[2]=DIG_CODE[S%1000/100];
  81   2                disbuff[1]=DIG_CODE[S%100/10];
  82   2                disbuff[0]=DIG_CODE[S%10/1];
  83   2               }
  84   1              }
  85          /********************************************************/
  86               void zd0() interrupt 1              //T0中断用来计数器溢出,超过测距范围
  87            {
  88   1          flag=1;                                                      //中断溢出标志
  89   1        }
  90          /********************************************************/
  91             void  zd3()  interrupt 3              //T1中断用来扫描数码管和计800MS启动模块
  92            {
  93   1               TH1=0xf8;
  94   1               TL1=0x30;
  95   1               DigDisplay();
  96   1               timer++;
  97   1               if(timer>=100)
  98   1               {
  99   2                timer=0;
 100   2                TX=1;                                 //800MS  启动一次模块
 101   2                _nop_(); 
 102   2                _nop_(); 
 103   2                _nop_(); 
 104   2                _nop_(); 
 105   2                _nop_(); 
 106   2                _nop_(); 
 107   2                _nop_(); 
 108   2                _nop_(); 
 109   2                _nop_(); 
 110   2                _nop_(); 
 111   2                _nop_(); 
 112   2                _nop_(); 
 113   2                _nop_(); 
 114   2                _nop_(); 
 115   2                _nop_(); 
 116   2                _nop_(); 
 117   2                _nop_();
C51 COMPILER V9.01   MAIN                                                                  08/02/2014 10:43:55 PAGE 3   

 118   2                _nop_(); 
 119   2                _nop_(); 
 120   2                _nop_(); 
 121   2                _nop_();
 122   2                TX=0;
 123   2               } 
 124   1        }
 125          /*********************************************************/
 126          
 127                  void  main(  void  )
 128          
 129            {  
 130   1          TMOD=0x11;             //设T0为方式1，GATE=1；
 131   1              TH0=0;
 132   1              TL0=0;          
 133   1              TH1=0xf8;                  //2MS定时
 134   1              TL1=0x30;
 135   1              ET0=1;             //允许T0中断
 136   1              ET1=1;                     //允许T1中断
 137   1              TR1=1;                     //开启定时器
 138   1              EA=1;                      //开启总中断
 139   1      
 140   1              while(1)
 141   1              {
 142   2               while(!RX);            //当RX为零时等待
 143   2               TR0=1;                     //开启计数
 144   2               while(RX);                     //当RX为1计数并等待
 145   2               TR0=0;                         //关闭计数
 146   2           Conut();                   //计算
 147   2              }
 148   1      
 149   1        }


MODULE INFORMATION:   STATIC OVERLAYABLE
   CODE SIZE        =    521    ----
   CONSTANT SIZE    =     17    ----
   XDATA SIZE       =   ----    ----
   PDATA SIZE       =   ----    ----
   DATA SIZE        =     13    ----
   IDATA SIZE       =   ----    ----
   BIT SIZE         =      1    ----
END OF MODULE INFORMATION.


C51 COMPILATION COMPLETE.  0 WARNING(S),  0 ERROR(S)
