C51 COMPILER V9.60.7.0   MAIN                                                              09/19/2024 10:01:56 PAGE 1   


C51 COMPILER V9.60.7.0, COMPILATION OF MODULE MAIN
OBJECT MODULE PLACED IN .\Objects\main.obj
COMPILER INVOKED BY: C:\hoc\8051\Keil_C_v5\C51\BIN\C51.EXE main.c OPTIMIZE(8,SPEED) BROWSE DEBUG OBJECTEXTEND PRINT(.\Li
                    -stings\main.lst) TABS(2) OBJECT(.\Objects\main.obj)

line level    source

   1          
   2          // nhan nut BTN1 se chop tat led o port 2, nhan BTN2 se tat che do chop tat led
   3          
   4          #include"main.h"
   5          #include"C:\hoc\8051\bai_tap\Library\Delay\Delay.h"
   6          
   7          #define Led P2
   8          
   9          sbit BTN_1 = P1^0;
  10          sbit BTN_2 = P1^1;
  11          
  12          unsigned int Delay1schoptatled()
  13          {
  14   1        unsigned int i;
  15   1        for(i=0; i<100; i++)
  16   1        {
  17   2          Delay_ms(10);
  18   2          if(BTN_2 == 0)
  19   2          {
  20   3            Led = 0x00;
  21   3            return 1; // co nhan nut BTN_2
  22   3          }     
  23   2        }
  24   1        return 0;
  25   1      }
  26          
  27          void main()
  28          {
  29   1        Led = 0x00;
  30   1        while(1)
  31   1        {
  32   2          if(BTN_1 == 0)
  33   2          {
  34   3            Delay_ms(20);
  35   3      
  36   3            while(1)
  37   3            {
  38   4              Led = ~Led;
  39   4              if(Delay1schoptatled()) break;
  40   4            }
  41   3      
  42   3          }
  43   2        }
  44   1      }


MODULE INFORMATION:   STATIC OVERLAYABLE
   CODE SIZE        =     68    ----
   CONSTANT SIZE    =   ----    ----
   XDATA SIZE       =   ----    ----
   PDATA SIZE       =   ----    ----
   DATA SIZE        =   ----       2
   IDATA SIZE       =   ----    ----
   BIT SIZE         =   ----    ----
C51 COMPILER V9.60.7.0   MAIN                                                              09/19/2024 10:01:56 PAGE 2   

END OF MODULE INFORMATION.


C51 COMPILATION COMPLETE.  0 WARNING(S),  0 ERROR(S)
