C51 COMPILER V9.60.7.0   MAIN                                                              08/17/2024 21:34:59 PAGE 1   


C51 COMPILER V9.60.7.0, COMPILATION OF MODULE MAIN
OBJECT MODULE PLACED IN .\Objects\main.obj
COMPILER INVOKED BY: C:\hoc\8051\Keil_C_v5\C51\BIN\C51.EXE main.c OPTIMIZE(8,SPEED) BROWSE DEBUG OBJECTEXTEND PRINT(.\Li
                    -stings\main.lst) TABS(2) OBJECT(.\Objects\main.obj)

line level    source

   1          
   2          #include"main.h"
   3          #include"C:\hoc\8051\bai_tap\Library\Delay\Delay.h"
   4          
   5          sbit btn = P1^0;
   6          sbit relay = P2^0;
   7          
   8          void main()
   9          {
  10   1        relay = 0;
  11   1        while(1)
  12   1        {
  13   2          if(btn == 0)
  14   2          {
  15   3            Delay_ms(20);
  16   3            relay = !relay;
  17   3            while(btn == 0);
  18   3          }
  19   2        
  20   2        }
  21   1      }
  22          


MODULE INFORMATION:   STATIC OVERLAYABLE
   CODE SIZE        =     19    ----
   CONSTANT SIZE    =   ----    ----
   XDATA SIZE       =   ----    ----
   PDATA SIZE       =   ----    ----
   DATA SIZE        =   ----    ----
   IDATA SIZE       =   ----    ----
   BIT SIZE         =   ----    ----
END OF MODULE INFORMATION.


C51 COMPILATION COMPLETE.  0 WARNING(S),  0 ERROR(S)
