C51 COMPILER V9.60.7.0   MAIN                                                              08/26/2024 20:48:07 PAGE 1   


C51 COMPILER V9.60.7.0, COMPILATION OF MODULE MAIN
OBJECT MODULE PLACED IN .\Objects\main.obj
COMPILER INVOKED BY: C:\hoc\8051\Keil_C_v5\C51\BIN\C51.EXE main.c OPTIMIZE(8,SPEED) BROWSE DEBUG OBJECTEXTEND PRINT(.\Li
                    -stings\main.lst) TABS(2) OBJECT(.\Objects\main.obj)

line level    source

   1          #include "main.h"
   2          #include "C:\hoc\8051\bai_tap\Library\Delay\Delay.h"
   3          
   4          void main()
   5          {
   6   1        char c;
   7   1        SM0 = 0; SM1 =1;  // khoi tao UART kieu 1
   8   1        TMOD = 0x20;      // 0010_0000 - Timer 1 hoat dong o che do 8 bit tu dong nap lai
   9   1        TH1 = 0xFD;       // khoi tao toc do baud 9600
  10   1        TR1 = 1;          // Start Timer 1
  11   1        TI = 1;           // san sang gui du lieu
  12   1        for( c='a'; c<='z'; c++)
  13   1        {
  14   2          while(TI == 0); // neu viec gui ky tu truoc do chua hoan thanh se cho 
  15   2          TI = 0;
  16   2          SBUF = c;
  17   2        }
  18   1        while(1)
  19   1        {
  20   2        
  21   2        }
  22   1      }


MODULE INFORMATION:   STATIC OVERLAYABLE
   CODE SIZE        =     29    ----
   CONSTANT SIZE    =   ----    ----
   XDATA SIZE       =   ----    ----
   PDATA SIZE       =   ----    ----
   DATA SIZE        =   ----    ----
   IDATA SIZE       =   ----    ----
   BIT SIZE         =   ----    ----
END OF MODULE INFORMATION.


C51 COMPILATION COMPLETE.  0 WARNING(S),  0 ERROR(S)
