C51 COMPILER V9.60.7.0   MAIN                                                              09/09/2024 23:46:03 PAGE 1   


C51 COMPILER V9.60.7.0, COMPILATION OF MODULE MAIN
OBJECT MODULE PLACED IN .\Objects\main.obj
COMPILER INVOKED BY: C:\hoc\8051\Keil_C_v5\C51\BIN\C51.EXE main.c OPTIMIZE(8,SPEED) BROWSE DEBUG OBJECTEXTEND PRINT(.\Li
                    -stings\main.lst) TABS(2) OBJECT(.\Objects\main.obj)

line level    source

   1          #include "main.h"
   2          #include "C:\hoc\8051\bai_tap\Library\Delay\Delay.h"
   3          #include "port.h"
   4          #include "C:\hoc\8051\bai_tap\Library\SPI\SPI.h"
   5          
   6          void EEPROM_25LCxxx_PageWrite(unsigned char P);
   7          unsigned char EEPROM_25LCxxx_WIP();
   8          void main()
   9          {
  10   1        Soft_SPI_Init();
  11   1        EEPROM_25LCxxx_PageWrite(0xAA);
  12   1        while(1)
  13   1        {
  14   2        
  15   2        }
  16   1      }
  17          
  18          void EEPROM_25LCxxx_PageWrite(unsigned char P)
  19          {
  20   1        SPI_CS = 0;
  21   1        Soft_SPI_Write(0x06);
  22   1        SPI_CS = 1;
  23   1        
  24   1        SPI_CS = 0;
  25   1        Soft_SPI_Write(P);
  26   1        SPI_CS = 1;
  27   1        while(EEPROM_25LCxxx_WIP());
  28   1      }
  29          unsigned char EEPROM_25LCxxx_WIP()
  30          {
  31   1        unsigned result;
  32   1        SPI_CS = 0;
  33   1        Soft_SPI_Write(0x05);
  34   1        result = Soft_SPI_Read();
  35   1        SPI_CS = 1;
  36   1        
  37   1        return result & 0x01;
  38   1      }


MODULE INFORMATION:   STATIC OVERLAYABLE
   CODE SIZE        =     54    ----
   CONSTANT SIZE    =   ----    ----
   XDATA SIZE       =   ----    ----
   PDATA SIZE       =   ----    ----
   DATA SIZE        =   ----       1
   IDATA SIZE       =   ----    ----
   BIT SIZE         =   ----    ----
END OF MODULE INFORMATION.


C51 COMPILATION COMPLETE.  0 WARNING(S),  0 ERROR(S)
