C51 COMPILER V9.60.7.0   MAIN                                                              08/27/2024 11:58:46 PAGE 1   


C51 COMPILER V9.60.7.0, COMPILATION OF MODULE MAIN
OBJECT MODULE PLACED IN main.OBJ
COMPILER INVOKED BY: C:\hoc\8051\Keil_C_v5\C51\BIN\C51.EXE main.c OPTIMIZE(8,SPEED) BROWSE DEBUG OBJECTEXTEND TABS(2)

line level    source

   1          #include <REGX52.H>
   2          
   3          sbit LED_PIN = P2^0;
   4          
   5          void Delay_ms(unsigned int t)
   6          {
   7   1        unsigned int x, y;
   8   1        for( x=0; x<t; x++)
   9   1        {
  10   2          for( y=0; y<123; y++);
  11   2        }
  12   1      }
  13          
  14          void main()
  15          {
  16   1        while(1)                                        
  17   1        {
  18   2          LED_PIN = !LED_PIN; // dao trang thai cua chan P0^0
  19   2          Delay_ms(500);
  20   2        }
  21   1      }


MODULE INFORMATION:   STATIC OVERLAYABLE
   CODE SIZE        =     43    ----
   CONSTANT SIZE    =   ----    ----
   XDATA SIZE       =   ----    ----
   PDATA SIZE       =   ----    ----
   DATA SIZE        =   ----    ----
   IDATA SIZE       =   ----    ----
   BIT SIZE         =   ----    ----
END OF MODULE INFORMATION.


C51 COMPILATION COMPLETE.  0 WARNING(S),  0 ERROR(S)
