C51 COMPILER V9.60.7.0   MAIN                                                              09/09/2024 17:17:11 PAGE 1   


C51 COMPILER V9.60.7.0, COMPILATION OF MODULE MAIN
OBJECT MODULE PLACED IN main.OBJ
COMPILER INVOKED BY: C:\hoc\8051\Keil_C_v5\C51\BIN\C51.EXE main.c OPTIMIZE(8,SPEED) BROWSE DEBUG OBJECTEXTEND TABS(2)

line level    source

   1          
   2          #include<reg51.h> 
   3          #include"lcd.h"
   4          
   5          unsigned char PuZh[]=" Pechin Science ";
   6          
   7          
   8          void main(void)
   9          {
  10   1        unsigned char i;
  11   1        LcdInit();
  12   1        for(i=0;i<16;i++)
  13   1        {
  14   2          LcdWriteData(PuZh[i]);  
  15   2        }
  16   1        while(1)
  17   1        {
  18   2        }       
  19   1      }


MODULE INFORMATION:   STATIC OVERLAYABLE
   CODE SIZE        =     27    ----
   CONSTANT SIZE    =   ----    ----
   XDATA SIZE       =   ----    ----
   PDATA SIZE       =   ----    ----
   DATA SIZE        =     17       1
   IDATA SIZE       =   ----    ----
   BIT SIZE         =   ----    ----
END OF MODULE INFORMATION.


C51 COMPILATION COMPLETE.  0 WARNING(S),  0 ERROR(S)
