C51 COMPILER V9.60.7.0   MAIN                                                              08/26/2024 22:42:46 PAGE 1   


C51 COMPILER V9.60.7.0, COMPILATION OF MODULE MAIN
OBJECT MODULE PLACED IN .\Objects\main.obj
COMPILER INVOKED BY: C:\hoc\8051\Keil_C_v5\C51\BIN\C51.EXE main.c OPTIMIZE(8,SPEED) BROWSE DEBUG OBJECTEXTEND PRINT(.\Li
                    -stings\main.lst) TABS(2) OBJECT(.\Objects\main.obj)

line level    source

   1          #include "main.h"
   2          #include "C:\hoc\8051\bai_tap\Library\Delay\Delay.h"
   3          
   4          void Uart_Init()
   5          {
   6   1        // khoi tao UART mode 1, 9600 baud
   7   1        SM0 = 0; SM1 = 1; // Khoi tao UART kieu 1
   8   1        TMOD = 0x20;      // 0010_0000 - Timer 1 hoat dong o che do 8 bit tu dong nap lai
   9   1        TH1 = 0xFD;       // toc do baud 9600
  10   1        TR1 = 1;          // Timer 1 bat dau chay
  11   1        TI = 1;           // san sang gui du lieu
  12   1        REN = 1;          // cho phep nhan du lieu
  13   1      }
  14          
  15          void Uart_Write(char c)
  16          {
  17   1        while( TI == 0 ); // cho cho den khi ky tu duoc gui het 
  18   1        TI = 0;
  19   1        SBUF = c;
  20   1      }
  21          
  22          void Uart_Write_Text(char *str)
  23          {
  24   1        unsigned char i=0;
  25   1        while( *(str+i) != 0 )
  26   1        {
  27   2          Uart_Write( *(str+i) );
  28   2          i++;
  29   2        }
  30   1      
  31   1      }
  32          
  33          char Uart_Data_Ready()
  34          {
  35   1        // neu RI bang 1 thi bao hieu da nhan xong 1 ky tu
  36   1        return RI;
  37   1      }
  38          
  39          char Uart_Read()
  40          {
  41   1        RI = 0; // neu nhan duoc tin hieu da nhan xong 1 ky tu se tat co bao hieu da nhan xong 1 ky tu
  42   1        return SBUF; // tra ve ky tu nhan duoc
  43   1      }
  44          
  45          void main()
  46          {
  47   1        char c;
  48   1        Uart_Init();
  49   1      
  50   1      //  for(c='a'; c<='z'; c++)
  51   1      //  {
  52   1      //    Uart_Write(c);
  53   1      //    Delay_ms(100);
  54   1      //  }
C51 COMPILER V9.60.7.0   MAIN                                                              08/26/2024 22:42:46 PAGE 2   

  55   1      //  Uart_Write_Text("Hello, World");
  56   1      
  57   1        while(1)
  58   1        {
  59   2      //    if(Uart_Data_Ready() == 1)
  60   2      //    {
  61   2      //      P2 = Uart_Read();
  62   2      //    }
  63   2        
  64   2          // doi ky tu thuong sang ky tu in hoa
  65   2          Uart_Write_Text("Moi ban nhap chu thuong: ");
  66   2          while(Uart_Data_Ready() == 0); // doi nguoi dung nhap ky tu
  67   2          c = Uart_Read();              // truyen ky tu nhan duoc vao bien c
  68   2          c = c - 32;                   // doi chu thuong sang chu in hoa
  69   2          Uart_Write_Text("->");      
  70   2          Uart_Write(c);                // in ra chu in hoa sau khi doi ra
  71   2          Uart_Write_Text("\n\r");            // xuong dong
  72   2        
  73   2        }
  74   1          
  75   1        
  76   1      }


MODULE INFORMATION:   STATIC OVERLAYABLE
   CODE SIZE        =    120    ----
   CONSTANT SIZE    =     32    ----
   XDATA SIZE       =   ----    ----
   PDATA SIZE       =   ----    ----
   DATA SIZE        =   ----       3
   IDATA SIZE       =   ----    ----
   BIT SIZE         =   ----    ----
END OF MODULE INFORMATION.


C51 COMPILATION COMPLETE.  0 WARNING(S),  0 ERROR(S)
