C51 COMPILER V9.60.7.0   MAIN                                                              08/27/2024 17:00:28 PAGE 1   


C51 COMPILER V9.60.7.0, COMPILATION OF MODULE MAIN
OBJECT MODULE PLACED IN .\Objects\main.obj
COMPILER INVOKED BY: C:\hoc\8051\Keil_C_v5\C51\BIN\C51.EXE main.c OPTIMIZE(8,SPEED) BROWSE DEBUG OBJECTEXTEND PRINT(.\Li
                    -stings\main.lst) TABS(2) OBJECT(.\Objects\main.obj)

line level    source

   1          #include "main.h"
   2          #include "C:\hoc\8051\bai_tap\Library\Delay\Delay.h"
   3          #include "C:\hoc\8051\bai_tap\Library\UartMode1\UartMode1.h"
   4          void main()
   5          {
   6   1        Uart_Init();
   7   1        P1_0 = 0;
   8   1        while(1)
   9   1        {
  10   2          if(Uart_Data_Ready() == 1)
  11   2          {
  12   3            if(Uart_Read() == 0x01)
  13   3            {
  14   4              P1_0 = 1;
  15   4            }
  16   3            else
  17   3            {
  18   4              P1_0 = 0;
  19   4            }
  20   3          }
  21   2        
  22   2        }
  23   1      }


MODULE INFORMATION:   STATIC OVERLAYABLE
   CODE SIZE        =     25    ----
   CONSTANT SIZE    =   ----    ----
   XDATA SIZE       =   ----    ----
   PDATA SIZE       =   ----    ----
   DATA SIZE        =   ----    ----
   IDATA SIZE       =   ----    ----
   BIT SIZE         =   ----    ----
END OF MODULE INFORMATION.


C51 COMPILATION COMPLETE.  0 WARNING(S),  0 ERROR(S)
