C51 COMPILER V9.60.7.0   MAIN                                                              09/02/2024 08:58:56 PAGE 1   


C51 COMPILER V9.60.7.0, COMPILATION OF MODULE MAIN
OBJECT MODULE PLACED IN .\Objects\main.obj
COMPILER INVOKED BY: C:\hoc\8051\Keil_C_v5\C51\BIN\C51.EXE main.c OPTIMIZE(8,SPEED) BROWSE DEBUG OBJECTEXTEND PRINT(.\Li
                    -stings\main.lst) TABS(2) OBJECT(.\Objects\main.obj)

line level    source

   1          #include "main.h"
   2          #include "C:\hoc\8051\bai_tap\Library\Delay\Delay.h"
   3          
   4          unsigned int cnt = 10;
   5          
   6          void main()
   7          {
   8   1        unsigned int i;
   9   1        //chon che do hoat dong Timer 0 - 16 bit su dung dem trong bo nho noi
  10   1        TMOD &= 0xF0;
  11   1        TMOD |= 0x01;
  12   1        
  13   1        EA = 1;  //cho phep ngat toan cuc
  14   1        ET0  = 1; // cho phep ngat timer 0
  15   1        
  16   1        // nap gia tri cho 2 thanh ghi TH0 va TL0
  17   1        // yeu cau: dem 50000 xung tuong ung voi 50 ms thi se tran
  18   1        // ma gia tri toi da co the luu trong 2 thanh ghi la 65535 gia tri, do vay se bat dau dem tu: 65536 - 500
             -00 = 15536, dem den 65536 se bi tran
  19   1        TH0 = 0x3C;
  20   1        TL0 = 0xB0;
  21   1        
  22   1        TR0 = 1;  // bat dau dem
  23   1        
  24   1        while(1)
  25   1        {
  26   2          // led o port 1 sang dan
  27   2          P1 = 0x00;
  28   2          Delay_ms(100);
  29   2          for(i=0; i<8; i++)
  30   2          {
  31   3            P1<<=1;
  32   3            P1 |= 0x01;
  33   3            Delay_ms(100);
  34   3          }
  35   2        }
  36   1      }
  37          
  38          // khi dem tran se goi ham ngat ben duoi 
  39          void Ngat_Timer0 (void) interrupt 1
  40          {
  41   1        //nap lai gia tri cho 2 thanh ghi, ham ngat tu dong xoa co tran
  42   1        TH0 = 0x3C;
  43   1        TL0 = 0xB0;
  44   1        
  45   1        // moi lan Timer0 bi tran se nhay vao chay chuowng trinh ngat, ma moi lan nhay vao chuong trinh ngat se m
             -at 50ms do vay can nhay vao chuong trinh ngat 10 lan thi se tao ra duoc 500ms 
  46   1        cnt--;
  47   1        if(cnt==0){
  48   2          cnt = 10;
  49   2          
  50   2          P2 = ~P2;//dao trang thai cua port P2
  51   2        }
  52   1      }
C51 COMPILER V9.60.7.0   MAIN                                                              09/02/2024 08:58:56 PAGE 2   



MODULE INFORMATION:   STATIC OVERLAYABLE
   CODE SIZE        =    100    ----
   CONSTANT SIZE    =   ----    ----
   XDATA SIZE       =   ----    ----
   PDATA SIZE       =   ----    ----
   DATA SIZE        =      2       2
   IDATA SIZE       =   ----    ----
   BIT SIZE         =   ----    ----
END OF MODULE INFORMATION.


C51 COMPILATION COMPLETE.  0 WARNING(S),  0 ERROR(S)
