C51 COMPILER V9.60.7.0   MAIN                                                              08/19/2024 16:18:41 PAGE 1   


C51 COMPILER V9.60.7.0, COMPILATION OF MODULE MAIN
OBJECT MODULE PLACED IN .\Objects\main.obj
COMPILER INVOKED BY: C:\hoc\8051\Keil_C_v5\C51\BIN\C51.EXE main.c OPTIMIZE(8,SPEED) BROWSE DEBUG OBJECTEXTEND PRINT(.\Li
                    -stings\main.lst) TABS(2) OBJECT(.\Objects\main.obj)

line level    source

   1          #include "main.h"
   2          #include "C:\hoc\8051\bai_tap\Library\Delay\Delay.h"
   3          
   4          // khai bao ket noi chan IC 74HC595
   5          sbit IE74595_SHCP = P2^0;
   6          sbit IE74595_DS = P2^1;
   7          sbit IE74595_STCP = P2^2;
   8          
   9          void IE74595_OUT_BYTE(unsigned char b)
  10          {
  11   1        unsigned char i;
  12   1        for(i=0; i<8; i++)
  13   1        {
  14   2          IE74595_DS = b & (0x80 >> i); // Lay tung bit cua byte b gui ra DS, lay tu bit cao truoc
  15   2          
  16   2          //  tao xung dich du lieu
  17   2          IE74595_SHCP = 0;
  18   2          IE74595_SHCP = 1;
  19   2        }
  20   1        
  21   1        //tao xung xuat du lieu
  22   1        IE74595_STCP = 0;
  23   1        IE74595_STCP = 1;
  24   1      }
  25          
  26          void main()
  27          {
  28   1        unsigned char i;
  29   1      
  30   1        while(1)
  31   1        {
  32   2          /* nhap nhay led xen ke giua cac chan led chan le
  33   2          IE74595_OUT_BYTE(b);
  34   2          Delay_ms(500);
  35   2          b = ~b; 
  36   2          */
  37   2          
  38   2          // Led sang dan
  39   2          unsigned char b = 0x00;
  40   2          IE74595_OUT_BYTE(b);
  41   2          Delay_ms(300);
  42   2          for(i=0; i<8; i++)
  43   2          {
  44   3            b = (b<<1) | 0x01;
  45   3            IE74595_OUT_BYTE(b);
  46   3            Delay_ms(300);
  47   3          }
  48   2        }
  49   1      }


MODULE INFORMATION:   STATIC OVERLAYABLE
   CODE SIZE        =     93    ----
   CONSTANT SIZE    =   ----    ----
C51 COMPILER V9.60.7.0   MAIN                                                              08/19/2024 16:18:41 PAGE 2   

   XDATA SIZE       =   ----    ----
   PDATA SIZE       =   ----    ----
   DATA SIZE        =   ----       2
   IDATA SIZE       =   ----    ----
   BIT SIZE         =   ----    ----
END OF MODULE INFORMATION.


C51 COMPILATION COMPLETE.  0 WARNING(S),  0 ERROR(S)
