C51 COMPILER V9.60.7.0   MAIN                                                              08/25/2024 20:53:08 PAGE 1   


C51 COMPILER V9.60.7.0, COMPILATION OF MODULE MAIN
OBJECT MODULE PLACED IN .\Objects\main.obj
COMPILER INVOKED BY: C:\hoc\8051\Keil_C_v5\C51\BIN\C51.EXE main.c OPTIMIZE(8,SPEED) BROWSE DEBUG OBJECTEXTEND PRINT(.\Li
                    -stings\main.lst) TABS(2) OBJECT(.\Objects\main.obj)

line level    source

   1          //dieu khien 4 led bat tat theo thu tu bang ngat 
   2          #include "main.h"
   3          #include "port.h"
   4          #include "C:\hoc\8051\bai_tap\Library\Delay\Delay.h"
   5          
   6          void main()
   7          {
   8   1        IT1 = 1; //bat ngat o chan IT1
   9   1        EX1 = 1; // cho phep ngat o chan IT1
  10   1        EA =1; // cho phep ngat toan cuc
  11   1        LED_1 = LED_2 = LED_3 = LED_4 = 0;
  12   1        while(1)
  13   1        {
  14   2          PCON |= 0x01;
  15   2        }
  16   1      }
  17          
  18          void EX1_ISR(void) interrupt 2
  19          {
  20   1        if(!BTN_1)
  21   1        {
  22   2          LED_1 = !LED_1;
  23   2          while(!BTN_1);
  24   2        }
  25   1        if(!BTN_2)
  26   1        {
  27   2          LED_2 = !LED_2;
  28   2          while(!BTN_1);
  29   2        }
  30   1        if(!BTN_3)
  31   1        {
  32   2          LED_3 = !LED_3;
  33   2          while(!BTN_3);
  34   2        }
  35   1        if(!BTN_4)
  36   1        {
  37   2          LED_4 = !LED_4;
  38   2          while(!BTN_4);
  39   2        }
  40   1      }


MODULE INFORMATION:   STATIC OVERLAYABLE
   CODE SIZE        =     52    ----
   CONSTANT SIZE    =   ----    ----
   XDATA SIZE       =   ----    ----
   PDATA SIZE       =   ----    ----
   DATA SIZE        =   ----    ----
   IDATA SIZE       =   ----    ----
   BIT SIZE         =   ----    ----
END OF MODULE INFORMATION.


C51 COMPILATION COMPLETE.  0 WARNING(S),  0 ERROR(S)
