C51 COMPILER V9.60.7.0   MAIN                                                              09/01/2024 10:01:12 PAGE 1   


C51 COMPILER V9.60.7.0, COMPILATION OF MODULE MAIN
OBJECT MODULE PLACED IN .\Objects\main.obj
COMPILER INVOKED BY: C:\hoc\8051\Keil_C_v5\C51\BIN\C51.EXE main.c OPTIMIZE(8,SPEED) BROWSE DEBUG OBJECTEXTEND PRINT(.\Li
                    -stings\main.lst) TABS(2) OBJECT(.\Objects\main.obj)

line level    source

   1          #include "main.h"
   2          
   3          void Delay_ms_timer_0(unsigned int t)
   4          {
   5   1        do{
   6   2          TL0 = 0x18; // luu gia tri 8 bit thap vao thanh ghi TL0
   7   2          TH0 = 0xFC; // luu gia tri 8 bit cao vao thanh ghi TH0
   8   2          TR0 = 1; //bat dau dem
   9   2          while(!TF0); //co bao tran luc chua tran trang thai TF0 = 0
  10   2          TR0 = 0; //ti,er 0 ngung dem
  11   2          TF0 = 0;
  12   2          t--;
  13   2        }while(t!=0);
  14   1      }
  15          
  16          void main()
  17          {
  18   1        //thiet lap timer 0 mode 1 (Mode timer 16 bit)
  19   1        TMOD &= 0xF0; //xoa bo nho timer 0
  20   1        TMOD |= 0x01; //set cai dat timer 0 chay mode 1
  21   1        while(1)
  22   1        {
  23   2          P2_0 = !P2_0;
  24   2          Delay_ms_timer_0(1000);
  25   2        }
  26   1      }


MODULE INFORMATION:   STATIC OVERLAYABLE
   CODE SIZE        =     42    ----
   CONSTANT SIZE    =   ----    ----
   XDATA SIZE       =   ----    ----
   PDATA SIZE       =   ----    ----
   DATA SIZE        =   ----    ----
   IDATA SIZE       =   ----    ----
   BIT SIZE         =   ----    ----
END OF MODULE INFORMATION.


C51 COMPILATION COMPLETE.  0 WARNING(S),  0 ERROR(S)
