C51 COMPILER V9.60.7.0   MAIN                                                              08/18/2024 11:48:41 PAGE 1   


C51 COMPILER V9.60.7.0, COMPILATION OF MODULE MAIN
OBJECT MODULE PLACED IN .\Objects\main.obj
COMPILER INVOKED BY: C:\hoc\8051\Keil_C_v5\C51\BIN\C51.EXE main.c OPTIMIZE(8,SPEED) BROWSE DEBUG OBJECTEXTEND PRINT(.\Li
                    -stings\main.lst) TABS(2) OBJECT(.\Objects\main.obj)

line level    source

   1          #include "main.h"
   2          #include "C:\hoc\8051\bai_tap\Library\Delay\Delay.h"
   3          
   4          
   5          // Mang chua ma cua led 7 doan Anode chung, va duoc luu trong bo nho chuowng trinh (bo nho chuong trinh cu
             -a 8051 la 4Kb)
   6          unsigned char code Code7Seg[] = {0xC0, 0xF9, 0xA4, 0xB0, 0x99, 0x92, 0x82, 0xF8, 0x00, 0x10}; 
   7                                        //  0     1     2     3     4     5     6     7     8     9
   8          
   9          void main()
  10          {
  11   1        // led 7seg su dung o bai nay la anode chung
  12   1        //do cac chan cua led 7 doan duoc noi voi port 2 nen cac chan tuong ung voi cac so la:
  13   1        // P2_0 <=> a
  14   1        // P2_1 <=> b
  15   1        // P2_2 <=> c
  16   1        // P2_3 <=> d
  17   1        // P2_4 <=> e
  18   1        // P2_5 <=> f
  19   1        // P2_6 <=> g
  20   1      
  21   1        // P2_7 khong noi voi chan nao cua led 7seg nen co the tuy chon muc logic thong thuong se de muc logic la
             - 1 de de doi sang he HEX
  22   1        /*muon hien thi so 1 thi can bat chan b va chan c, do led o bai nay la anode chung nen muon bat sang o vi
             - tri nao thi can cap muc logic 0 cho chan do
  23   1        
  24   1                      g      f      e     d      c       b     a 
  25   1            P2_7    P2_6   P2_5   P2_4   P2_3   P2_2   P2_1   P2_0
  26   1              1       1      1      1     1       0      0     1    => hien thi so 1 => Hex = 0xF9  */
  27   1      //  P2 = 0xF9;
  28   1        
  29   1        // lam tuong tu voi cac so khac
  30   1        /* vi du muon hien thi so 0 thi phai bat cac led o chan a, b, c, d, e, f
  31   1        
  32   1                      g      f      e     d      c       b     a 
  33   1            P2_7    P2_6   P2_5   P2_4   P2_3   P2_2   P2_1   P2_0
  34   1              1       1      0      0     0       0      0     0    => hien thi so 1 => Hex = 0xC0  
  35   1        P2 = 0xC0;  
  36   1        */
  37   1              
  38   1        /*
  39   1          dem tu 1 -> 9 su dung led 7 doan
  40   1        */
  41   1        unsigned char i;
  42   1        while(1)
  43   1        {
  44   2          for(i=0; i<10; i++)
  45   2          {
  46   3            P2 = Code7Seg[i];
  47   3            Delay_ms(1000);
  48   3          }
  49   2        
  50   2        }
  51   1      }
C51 COMPILER V9.60.7.0   MAIN                                                              08/18/2024 11:48:41 PAGE 2   

  52          


MODULE INFORMATION:   STATIC OVERLAYABLE
   CODE SIZE        =     29    ----
   CONSTANT SIZE    =     10    ----
   XDATA SIZE       =   ----    ----
   PDATA SIZE       =   ----    ----
   DATA SIZE        =   ----       1
   IDATA SIZE       =   ----    ----
   BIT SIZE         =   ----    ----
END OF MODULE INFORMATION.


C51 COMPILATION COMPLETE.  0 WARNING(S),  0 ERROR(S)
