C51 COMPILER V9.01   BEEP                                                                  04/27/2013 17:37:04 PAGE 1   


C51 COMPILER V9.01, COMPILATION OF MODULE BEEP
OBJECT MODULE PLACED IN beep.OBJ
COMPILER INVOKED BY: D:\Keil\C51\BIN\C51.EXE beep.c BROWSE DEBUG OBJECTEXTEND TABS(2)

line level    source

   1          /*******************************************************************************
   2          * 实验名         : 蜂鸣器实验
   3          * 使用的IO       : P1^5
   4          * 实验效果       : 蜂鸣器响。
   5          * 注意           ：
   6          *******************************************************************************/
   7          
   8          #include <reg51.h>
   9          sbit Beep =  P1^5 ;
  10          void Delay(unsigned int i) ;
  11          /*******************************************************************************
  12          * 函数名         : main
  13          * 函数功能       : 主函数
  14          * 输入           : 无
  15          * 输出           : 无
  16          *******************************************************************************/
  17          
  18          void main()
  19          {
  20   1        Beep= 1;
  21   1        Delay(5);
  22   1        Beep= 0;
  23   1        Delay(5);
  24   1      } 
  25          /*******************************************************************************
  26          * 函数名         : Delay()
  27          * 函数功能       : 延时函数
  28          * 输入           : 无
  29          * 输出           : 无
  30          *******************************************************************************/
  31          
  32          void Delay(unsigned int i)
  33          {
  34   1        char j;
  35   1        for(i; i > 0; i--)
  36   1          for(j = 200; j > 0; j--);
  37   1      }
  38          


MODULE INFORMATION:   STATIC OVERLAYABLE
   CODE SIZE        =     48    ----
   CONSTANT SIZE    =   ----    ----
   XDATA SIZE       =   ----    ----
   PDATA SIZE       =   ----    ----
   DATA SIZE        =   ----    ----
   IDATA SIZE       =   ----    ----
   BIT SIZE         =   ----    ----
END OF MODULE INFORMATION.


C51 COMPILATION COMPLETE.  0 WARNING(S),  0 ERROR(S)
