C51 COMPILER V9.60.7.0   MAIN                                                              09/07/2024 21:01:13 PAGE 1   


C51 COMPILER V9.60.7.0, COMPILATION OF MODULE MAIN
OBJECT MODULE PLACED IN .\Objects\main.obj
COMPILER INVOKED BY: C:\hoc\8051\Keil_C_v5\C51\BIN\C51.EXE main.c OPTIMIZE(8,SPEED) BROWSE DEBUG OBJECTEXTEND PRINT(.\Li
                    -stings\main.lst) TABS(2) OBJECT(.\Objects\main.obj)

line level    source

   1          #include"main.h"
   2          #include"C:\hoc\8051\bai_tap\Library\Delay\Delay.h"
   3          
   4          #define Led P2
   5          
   6          sbit BTN = P1^0;
   7          bit pressFlag = 0;
   8          
   9          unsigned char pressBTN()
  10          {
  11   1        unsigned char i;
  12   1        for(i=0; i<50; i++)
  13   1        {
  14   2          Delay_ms(10);
  15   2          if(BTN == 0)
  16   2          {
  17   3            if(pressFlag == 0)
  18   3            {
  19   4              pressFlag = 1;
  20   4              return 1;
  21   4            }
  22   3          }
  23   2          else
  24   2          {
  25   3            pressFlag = 0;
  26   3          }
  27   2        }
  28   1        return 0;
  29   1      }
  30          
  31          void main()
  32          {
  33   1        unsigned char count = 0;
  34   1        Led = 0x00;
  35   1        while(1)
  36   1        {
  37   2          if(BTN == 0)
  38   2          {
  39   3            if(pressBTN())
  40   3            {
  41   4              count++;
  42   4              if(count%2 !=0)
  43   4              {
  44   5                Led = 0xAA;
  45   5                while(1)
  46   5                {
  47   6                  if(pressBTN())
  48   6                  {
  49   7                    count++;
  50   7                    Led = 0x00;
  51   7                    break;
  52   7                  }
  53   6                  Led = ~Led;
  54   6                }
C51 COMPILER V9.60.7.0   MAIN                                                              09/07/2024 21:01:13 PAGE 2   

  55   5              }
  56   4            }
  57   3          }
  58   2        }
  59   1      }


MODULE INFORMATION:   STATIC OVERLAYABLE
   CODE SIZE        =     77    ----
   CONSTANT SIZE    =   ----    ----
   XDATA SIZE       =   ----    ----
   PDATA SIZE       =   ----    ----
   DATA SIZE        =   ----       2
   IDATA SIZE       =   ----    ----
   BIT SIZE         =      1    ----
END OF MODULE INFORMATION.


C51 COMPILATION COMPLETE.  0 WARNING(S),  0 ERROR(S)
