C51 COMPILER V9.60.7.0   MAIN                                                              09/08/2024 09:56:51 PAGE 1   


C51 COMPILER V9.60.7.0, COMPILATION OF MODULE MAIN
OBJECT MODULE PLACED IN .\Objects\main.obj
COMPILER INVOKED BY: C:\hoc\8051\Keil_C_v5\C51\BIN\C51.EXE main.c OPTIMIZE(8,SPEED) BROWSE DEBUG OBJECTEXTEND PRINT(.\Li
                    -stings\main.lst) TABS(2) OBJECT(.\Objects\main.obj)

line level    source

   1          #include "main.h"
   2          #include "C:\hoc\8051\bai_tap\Library\Delay\Delay.h"
   3          #include "Port.h"
   4          #include "C:\hoc\8051\bai_tap\Library\LCD16x2_4bit\LCD4.h"
   5          #include "String.h"
   6          
   7          unsigned char ADC_READ()
   8          {
   9   1        P2 = 255;
  10   1        while(P3_0)
  11   1        {
  12   2          P2--;
  13   2          if(P2==0) break;
  14   2        }
  15   1        return P2;
  16   1      }
  17          
  18          void main()
  19          {
  20   1        unsigned int adc_value, voltage;
  21   1        Lcd_Init();
  22   1        while(1)
  23   1        {
  24   2          //doc gia tri adc
  25   2          adc_value = ADC_READ();
  26   2          Lcd_Out(1,1, "ADC value: ");
  27   2          Lcd_Chr_Cp(adc_value/100 + 0x30);
  28   2          Lcd_Chr_Cp(adc_value%100/10 + 0x30);
  29   2          Lcd_Chr_Cp(adc_value%10 + 0x30);
  30   2          
  31   2          //doc dien ap adc
  32   2          voltage = (unsigned int)(adc_value * (5.0 / 256.0) * 100);
  33   2          Lcd_Out(2,1, "Voltage: ");
  34   2          Lcd_Chr_Cp(voltage/100 + 0x30);
  35   2          Lcd_Out_Cp(".");
  36   2          Lcd_Chr_Cp(voltage%100/10 + 0x30);
  37   2          Lcd_Chr_Cp(voltage%10 + 0x30);
  38   2          
  39   2          Delay_ms(500); //tranh chop tat man hinh LCD lien tuc
  40   2        }
  41   1      }
  42          
  43          


MODULE INFORMATION:   STATIC OVERLAYABLE
   CODE SIZE        =    227    ----
   CONSTANT SIZE    =     24    ----
   XDATA SIZE       =   ----    ----
   PDATA SIZE       =   ----    ----
   DATA SIZE        =   ----       4
   IDATA SIZE       =   ----    ----
   BIT SIZE         =   ----    ----
END OF MODULE INFORMATION.

C51 COMPILER V9.60.7.0   MAIN                                                              09/08/2024 09:56:51 PAGE 2   


C51 COMPILATION COMPLETE.  0 WARNING(S),  0 ERROR(S)
