C51 COMPILER V9.60.7.0   MAIN                                                              09/08/2024 20:59:39 PAGE 1   


C51 COMPILER V9.60.7.0, COMPILATION OF MODULE MAIN
OBJECT MODULE PLACED IN .\Objects\main.obj
COMPILER INVOKED BY: C:\hoc\8051\Keil_C_v5\C51\BIN\C51.EXE main.c OPTIMIZE(8,SPEED) BROWSE DEBUG OBJECTEXTEND PRINT(.\Li
                    -stings\main.lst) TABS(2) OBJECT(.\Objects\main.obj)

line level    source

   1          #include "main.h"
   2          #include "port.h"
   3          #include "C:\hoc\8051\bai_tap\Library\Delay\Delay.h"
   4          #include "C:\hoc\8051\bai_tap\Library\ADC0804\ADC0804.h"
   5          #include "C:\hoc\8051\bai_tap\Library\LCD16x2_4bit\LCD4.h"
   6          #include "String.h"
   7          
   8          void main()
   9          {
  10   1        unsigned char adc_value;
  11   1        unsigned int temp;
  12   1        LCD_RW = 0; //dat LCD o che do ghi
  13   1        Lcd_Init(); //khoi tao LCD
  14   1        while(1)
  15   1        {
  16   2          adc_value = ADC0804_Read();
  17   2          temp = (unsigned int)(adc_value*(5.0/255)*100);
  18   2          Lcd_Out(1,1,"Nhiet do: ");
  19   2          Lcd_Chr_Cp(temp/100 + 0x30);
  20   2          Lcd_Chr_Cp(temp%100/10 + 0x30);
  21   2          Lcd_Chr_Cp(temp%10 + 0x30);
  22   2      
  23   2          Delay_ms(500);
  24   2        }
  25   1      }


MODULE INFORMATION:   STATIC OVERLAYABLE
   CODE SIZE        =    123    ----
   CONSTANT SIZE    =     11    ----
   XDATA SIZE       =   ----    ----
   PDATA SIZE       =   ----    ----
   DATA SIZE        =   ----       3
   IDATA SIZE       =   ----    ----
   BIT SIZE         =   ----    ----
END OF MODULE INFORMATION.


C51 COMPILATION COMPLETE.  0 WARNING(S),  0 ERROR(S)
