C51 COMPILER V9.60.7.0   MAIN                                                              08/26/2024 23:23:59 PAGE 1   


C51 COMPILER V9.60.7.0, COMPILATION OF MODULE MAIN
OBJECT MODULE PLACED IN .\Objects\main.obj
COMPILER INVOKED BY: C:\hoc\8051\Keil_C_v5\C51\BIN\C51.EXE main.c OPTIMIZE(8,SPEED) BROWSE DEBUG OBJECTEXTEND PRINT(.\Li
                    -stings\main.lst) TABS(2) OBJECT(.\Objects\main.obj)

line level    source

   1          #include "main.h"
   2          #include "C:\hoc\8051\bai_tap\Library\Delay\Delay.h"
   3          #include "C:\hoc\8051\bai_tap\Library\UartMode1\UartMode1.h"
   4          
   5          void main()
   6          {
   7   1        char c;
   8   1        Uart_Init();
   9   1      
  10   1      //  for(c='a'; c<='z'; c++)
  11   1      //  {
  12   1      //    Uart_Write(c);
  13   1      //    Delay_ms(100);
  14   1      //  }
  15   1      //  Uart_Write_Text("Hello, World");
  16   1      
  17   1        while(1)
  18   1        {
  19   2      //    if(Uart_Data_Ready() == 1)
  20   2      //    {
  21   2      //      P2 = Uart_Read();
  22   2      //    }
  23   2        
  24   2          // doi ky tu thuong sang ky tu in hoa
  25   2          Uart_Write_Text("Moi ban nhap chu thuong: ");
  26   2          while(Uart_Data_Ready() == 0); // doi nguoi dung nhap ky tu
  27   2          c = Uart_Read();              // truyen ky tu nhan duoc vao bien c
  28   2          c = c - 32;                   // doi chu thuong sang chu in hoa
  29   2          Uart_Write_Text("=>");      
  30   2          Uart_Write(c);                // in ra chu in hoa sau khi doi ra
  31   2          Uart_Write_Text("\n\r");            // xuong dong
  32   2        
  33   2        }
  34   1          
  35   1        
  36   1      }


MODULE INFORMATION:   STATIC OVERLAYABLE
   CODE SIZE        =     54    ----
   CONSTANT SIZE    =     32    ----
   XDATA SIZE       =   ----    ----
   PDATA SIZE       =   ----    ----
   DATA SIZE        =   ----       1
   IDATA SIZE       =   ----    ----
   BIT SIZE         =   ----    ----
END OF MODULE INFORMATION.


C51 COMPILATION COMPLETE.  0 WARNING(S),  0 ERROR(S)
