C51 COMPILER V9.60.7.0   MAIN                                                              09/02/2024 09:53:52 PAGE 1   


C51 COMPILER V9.60.7.0, COMPILATION OF MODULE MAIN
OBJECT MODULE PLACED IN .\Objects\main.obj
COMPILER INVOKED BY: C:\hoc\8051\Keil_C_v5\C51\BIN\C51.EXE main.c OPTIMIZE(8,SPEED) BROWSE DEBUG OBJECTEXTEND PRINT(.\Li
                    -stings\main.lst) TABS(2) OBJECT(.\Objects\main.obj)

line level    source

   1          #include "main.h"
   2          
   3          void Delay_Timer2_1ms(unsigned int t)
   4          {
   5   1        do
   6   1        {
   7   2          TR2 = 1;      // Timer 2 bat dau dem
   8   2          while(!TF2); //cho den khi timer 2 bao tran
   9   2          TF2 = 0;     // tat co bao tran
  10   2          TR2 = 0;    // Timer 2 ngung dem
  11   2          t--;
  12   2        }while(t!=0);
  13   1      }
  14          
  15          void main()
  16          {
  17   1        //thiet lap che do timer 2, 16bit tu dong nap lai
  18   1        T2CON = 0x00; //xoa bo nho thanh ghi T2CON
  19   1        T2MOD = 0x00;
  20   1        
  21   1        // dem 1000 xung thi se tra tuong duong voi 1ms => 65536 - 1000 = 64536 => HEX = 3CB0
  22   1        // luu gia tri tu dong nap lai vao 2 thanh ghi RCAP2L va RCAP2H
  23   1        RCAP2L = 0x18;
  24   1        RCAP2H = 0xFC;
  25   1        
  26   1        // luu 2 gia tri dem vao 2 thanh ghi TL2 va TH2
  27   1        TL2 = 0x18;
  28   1        TH2 = 0xFC;
  29   1        
  30   1        while(1)
  31   1        {
  32   2          P2 = ~P2;
  33   2          Delay_Timer2_1ms(1000); //delay 1 giay
  34   2          
  35   2        }
  36   1      }


MODULE INFORMATION:   STATIC OVERLAYABLE
   CODE SIZE        =     48    ----
   CONSTANT SIZE    =   ----    ----
   XDATA SIZE       =   ----    ----
   PDATA SIZE       =   ----    ----
   DATA SIZE        =   ----    ----
   IDATA SIZE       =   ----    ----
   BIT SIZE         =   ----    ----
END OF MODULE INFORMATION.


C51 COMPILATION COMPLETE.  0 WARNING(S),  0 ERROR(S)
