C51 COMPILER V9.60.7.0   MAIN                                                              08/18/2024 18:04:10 PAGE 1   


C51 COMPILER V9.60.7.0, COMPILATION OF MODULE MAIN
OBJECT MODULE PLACED IN .\Objects\main.obj
COMPILER INVOKED BY: C:\hoc\8051\Keil_C_v5\C51\BIN\C51.EXE main.c OPTIMIZE(8,SPEED) BROWSE DEBUG OBJECTEXTEND PRINT(.\Li
                    -stings\main.lst) TABS(2) OBJECT(.\Objects\main.obj)

line level    source

   1          #include "main.h"
   2          #include "C:\hoc\8051\bai_tap\Library\Delay\Delay.h"
   3          
   4          // khai bao chan dieu khien ma Led 7 doan
   5          #define Led_port P3
   6          
   7          // khai bao 2 chan kich mo Led so 1 va Led so  2
   8          sbit Led_1 = P2^0;
   9          sbit Led_2 = P2^1;
  10          
  11          // ma led 7 doan
  12          unsigned char code Code7Seg[] = {0xC0, 0x79, 0x24, 0x30, 0x19, 0x12, 0x02, 0x78, 0x00, 0x10};
  13          
  14          void main()
  15          {
  16   1        while(1)
  17   1        {
  18   2          // Led 1 hien thi so 1
  19   2          Led_port = Code7Seg[1];
  20   2          Led_1 = 0;              //bat led 1
  21   2          Delay_ms(1);
  22   2          Led_1 = 1;              //tat led 1
  23   2      
  24   2      
  25   2          // Led 2 hien thi so 2
  26   2          Led_port = Code7Seg[2];
  27   2          Led_2 = 0;              //bat led 2
  28   2          Delay_ms(1);    
  29   2          Led_2 = 1;              //tat led 2
  30   2      
  31   2        }
  32   1      }
  33          


MODULE INFORMATION:   STATIC OVERLAYABLE
   CODE SIZE        =     38    ----
   CONSTANT SIZE    =     10    ----
   XDATA SIZE       =   ----    ----
   PDATA SIZE       =   ----    ----
   DATA SIZE        =   ----    ----
   IDATA SIZE       =   ----    ----
   BIT SIZE         =   ----    ----
END OF MODULE INFORMATION.


C51 COMPILATION COMPLETE.  0 WARNING(S),  0 ERROR(S)
