C51 COMPILER V9.60.7.0   MAIN                                                              09/09/2024 17:20:40 PAGE 1   


C51 COMPILER V9.60.7.0, COMPILATION OF MODULE MAIN
OBJECT MODULE PLACED IN main.OBJ
COMPILER INVOKED BY: C:\hoc\8051\Keil_C_v5\C51\BIN\C51.EXE main.c OPTIMIZE(8,SPEED) BROWSE DEBUG OBJECTEXTEND TABS(2)

line level    source

   1          
   2          #include<reg51.h> 
   3          #include"lcd.h"
   4          
   5          #define GPIO_KEY P1
   6          
   7          unsigned char KeyValue;
   8          
   9          unsigned char KeyState;
  10          
  11          unsigned char PuZh[]=" Pechin Science ";
  12          void Delay10ms();   
  13          void KeyDown();    
  14           
  15          
  16          void main(void)
  17          {
  18   1        unsigned char i;
  19   1        LcdInit();
  20   1        KeyState=0;
  21   1        for(i=0;i<16;i++)
  22   1        {
  23   2          LcdWriteData(PuZh[i]);  
  24   2        }
  25   1        while(1)
  26   1        {
  27   2          KeyDown();
  28   2          if(KeyState)
  29   2          {
  30   3            KeyState=0;
  31   3            LcdWriteCom(0x80+0x40);
  32   3            LcdWriteData('0'+KeyValue);
  33   3          }
  34   2        }       
  35   1      }
  36          
  37          void KeyDown(void)
  38          {
  39   1        char a;
  40   1        GPIO_KEY=0x0f;
  41   1        if(GPIO_KEY!=0x0f)
  42   1        {
  43   2          Delay10ms();
  44   2          if(GPIO_KEY!=0x0f)
  45   2          {
  46   3            KeyState=1;
  47   3            GPIO_KEY=0X0F;
  48   3      //      Delay10ms();
  49   3            switch(GPIO_KEY)
  50   3            {
  51   4              case(0X07): KeyValue=0;break;
  52   4              case(0X0b): KeyValue=1;break;
  53   4              case(0X0d): KeyValue=2;break;
  54   4              case(0X0e): KeyValue=3;break;
  55   4      //        default:  KeyValue=17;  
C51 COMPILER V9.60.7.0   MAIN                                                              09/09/2024 17:20:40 PAGE 2   

  56   4            }
  57   3            GPIO_KEY=0XF0;
  58   3            Delay10ms();
  59   3            switch(GPIO_KEY)
  60   3            {
  61   4              case(0X70): KeyValue=KeyValue;break;
  62   4              case(0Xb0): KeyValue=KeyValue+4;break;
  63   4              case(0Xd0): KeyValue=KeyValue+8;break;
  64   4              case(0Xe0): KeyValue=KeyValue+12;break;
  65   4      //        default:  KeyValue=17;
  66   4            }
  67   3            while((a<50)&&(GPIO_KEY!=0xf0))  
  68   3            {
  69   4              Delay10ms();
  70   4              a++;
  71   4            }
  72   3            a=0;
  73   3          }
  74   2        }
  75   1      }
  76          
  77          void Delay10ms(void)   
  78          {
  79   1          unsigned char a,b,c;
  80   1          for(c=1;c>0;c--)
  81   1              for(b=38;b>0;b--)
  82   1                  for(a=130;a>0;a--);
  83   1      }


MODULE INFORMATION:   STATIC OVERLAYABLE
   CODE SIZE        =    190    ----
   CONSTANT SIZE    =   ----    ----
   XDATA SIZE       =   ----    ----
   PDATA SIZE       =   ----    ----
   DATA SIZE        =     19       2
   IDATA SIZE       =   ----    ----
   BIT SIZE         =   ----    ----
END OF MODULE INFORMATION.


C51 COMPILATION COMPLETE.  0 WARNING(S),  0 ERROR(S)
