C51 COMPILER V9.60.7.0   MAIN                                                              08/28/2024 15:25:03 PAGE 1   


C51 COMPILER V9.60.7.0, COMPILATION OF MODULE MAIN
OBJECT MODULE PLACED IN main.OBJ
COMPILER INVOKED BY: C:\hoc\8051\Keil_C_v5\C51\BIN\C51.EXE main.c OPTIMIZE(8,SPEED) BROWSE DEBUG OBJECTEXTEND TABS(2)

line level    source

   1          #include<reg51.h>
   2          #include<intrins.h>
   3          
   4          sbit SRCLK=P3^6;
   5          sbit RCLK=P3^5;
   6          sbit SER=P3^4;
   7          
   8          
   9          #define COMMONPORTS   P0
  10          
  11          unsigned char code TAB[8]  = {0x7f,0xbf,0xdf,0xef,0xf7,0xfb,0xfd,0xfe};
  12          
  13          unsigned char code CHARCODE[18][8]=
  14          {
  15          
  16          {0x00,0x00,0x3e,0x41,0x41,0x41,0x3e,0x00}, //0
  17          
  18          {0x00,0x00,0x00,0x00,0x21,0x7f,0x01,0x00}, //1
  19          
  20          {0x00,0x00,0x27,0x45,0x45,0x45,0x39,0x00}, //2
  21          
  22          {0x00,0x00,0x22,0x49,0x49,0x49,0x36,0x00}, //3
  23          
  24          {0x00,0x00,0x0c,0x14,0x24,0x7f,0x04,0x00}, //4
  25          
  26          {0x00,0x00,0x72,0x51,0x51,0x51,0x4e,0x00}, //5
  27          
  28          {0x00,0x00,0x3e,0x49,0x49,0x49,0x26,0x00}, //6
  29          
  30          {0x00,0x00,0x40,0x40,0x40,0x4f,0x70,0x00}, //7
  31          
  32          {0x00,0x00,0x36,0x49,0x49,0x49,0x36,0x00}, //8
  33          
  34          {0x00,0x00,0x32,0x49,0x49,0x49,0x3e,0x00}, //9
  35          
  36          {0x00,0x00,0x7F,0x48,0x48,0x30,0x00,0x00}, //P
  37          
  38          {0x00,0x00,0x7F,0x48,0x4C,0x73,0x00,0x00}, //R
  39          
  40          {0x00,0x00,0x7F,0x49,0x49,0x49,0x00,0x00}, //E
  41          
  42          {0x00,0x00,0x3E,0x41,0x41,0x62,0x00,0x00}, //C
  43          
  44          {0x00,0x00,0x7F,0x08,0x08,0x7F,0x00,0x00}, //H
  45          
  46          {0x00,0x00,0x00,0xFF,0xFF,0x00,0x00,0x00}, //I
  47          
  48          {0x00,0x7F,0x10,0x08,0x04,0x7F,0x00,0x00}, //N
  49          
  50          {0x7C,0x48,0x48,0xFF,0x48,0x48,0x7C,0x00}  //жа
  51          
  52          };
  53          void delay(unsigned int time)
  54          {
  55   1        unsigned int i,j;
C51 COMPILER V9.60.7.0   MAIN                                                              08/28/2024 15:25:03 PAGE 2   

  56   1        for(i=0;i<time;i++)
  57   1          for(j=0;j<121;j++);
  58   1      }
  59          
  60          void Hc595SendByte(unsigned char dat)
  61          {
  62   1        unsigned char a;
  63   1        SRCLK=0;
  64   1        RCLK=0;
  65   1        for(a=0;a<8;a++)
  66   1        {
  67   2          SER=dat>>7;
  68   2          dat<<=1;
  69   2      
  70   2          SRCLK=1;
  71   2          SRCLK=0;  
  72   2        }
  73   1      
  74   1        RCLK=1;
  75   1        RCLK=0;
  76   1      }
  77          
  78          void main()
  79          { 
  80   1        unsigned char tab, j;
  81   1        unsigned int  i;
  82   1      
  83   1        while(1)
  84   1        { 
  85   2          for(i= 0; i<50; i++ )  
  86   2          {
  87   3            for(tab=0;tab<8;tab++)
  88   3            { 
  89   4              Hc595SendByte(0x00);           
  90   4              COMMONPORTS = TAB[tab];        
  91   4              Hc595SendByte(CHARCODE[j][tab]);  
  92   4              delay(2);   
  93   4            }
  94   3          }
  95   2          j++;
  96   2          if(j == 18)
  97   2          {
  98   3            j = 0;
  99   3          }
 100   2        } 
 101   1      }


MODULE INFORMATION:   STATIC OVERLAYABLE
   CODE SIZE        =    156    ----
   CONSTANT SIZE    =    152    ----
   XDATA SIZE       =   ----    ----
   PDATA SIZE       =   ----    ----
   DATA SIZE        =   ----       3
   IDATA SIZE       =   ----    ----
   BIT SIZE         =   ----    ----
END OF MODULE INFORMATION.


C51 COMPILATION COMPLETE.  0 WARNING(S),  0 ERROR(S)
