C51 COMPILER V9.60.7.0   MAIN                                                              08/17/2024 13:46:20 PAGE 1   


C51 COMPILER V9.60.7.0, COMPILATION OF MODULE MAIN
OBJECT MODULE PLACED IN .\Objects\main.obj
COMPILER INVOKED BY: C:\hoc\8051\Keil_C_v5\C51\BIN\C51.EXE main.c OPTIMIZE(8,SPEED) BROWSE DEBUG OBJECTEXTEND PRINT(.\Li
                    -stings\main.lst) TABS(2) OBJECT(.\Objects\main.obj)

line level    source

   1          #include"main.h"
   2          #include"C:\hoc\8051\bai_tap\Library\Delay\Delay.h"
   3          
   4          void sangdantatdan()
   5          {
   6   1          unsigned char i;
   7   1          P0 = 0x00;
   8   1          // sang dan 8 led
   9   1          for(i=0; i<8; i++)
  10   1          {
  11   2            P0 = P0 << 1;
  12   2            P0 = P0 | 0x01;
  13   2            Delay_ms(500);
  14   2          }
  15   1          Delay_ms(500);
  16   1          //Tat dan 8 led
  17   1          for(i=0; i<8; i++)
  18   1          {
  19   2            P0 = P0 << 1;
  20   2            Delay_ms(500);
  21   2          }
  22   1      }
  23          
  24          void choptatxenke()
  25          {
  26   1        unsigned char i;
  27   1        P0 = 0xAA;
  28   1        for( i=0; i<10; i++)
  29   1        {
  30   2          P0 = ~P0;
  31   2          Delay_ms(500);
  32   2        }
  33   1      }
  34          
  35          void main()
  36          {
  37   1        unsigned char i;
  38   1        while(1)
  39   1        {
  40   2          sangdantatdan();
  41   2          choptatxenke();
  42   2        }
  43   1      }
*** WARNING C280 IN LINE 37 OF main.c: 'i': unreferenced local variable
  44          
  45          
  46          
  47          


MODULE INFORMATION:   STATIC OVERLAYABLE
   CODE SIZE        =     97    ----
   CONSTANT SIZE    =   ----    ----
   XDATA SIZE       =   ----    ----
C51 COMPILER V9.60.7.0   MAIN                                                              08/17/2024 13:46:20 PAGE 2   

   PDATA SIZE       =   ----    ----
   DATA SIZE        =   ----       3
   IDATA SIZE       =   ----    ----
   BIT SIZE         =   ----    ----
END OF MODULE INFORMATION.


C51 COMPILATION COMPLETE.  1 WARNING(S),  0 ERROR(S)
