C51 COMPILER V9.60.7.0   MAIN                                                              08/17/2024 21:48:11 PAGE 1   


C51 COMPILER V9.60.7.0, COMPILATION OF MODULE MAIN
OBJECT MODULE PLACED IN .\Objects\main.obj
COMPILER INVOKED BY: C:\hoc\8051\Keil_C_v5\C51\BIN\C51.EXE main.c OPTIMIZE(8,SPEED) BROWSE DEBUG OBJECTEXTEND PRINT(.\Li
                    -stings\main.lst) TABS(2) OBJECT(.\Objects\main.obj)

line level    source

   1          #include"main.h"
   2          #include"C:\hoc\8051\bai_tap\Library\Delay\Delay.h"
   3          sbit btn = P1^0;
   4          sbit relay = P2^0;
   5          
   6          void main()
   7          {
   8   1        while(1)
   9   1        {
  10   2          if(btn == 0)
  11   2          {
  12   3            Delay_ms(20); //chong doi phim
  13   3            relay = !relay;
  14   3            while(btn == 0);
  15   3          }
  16   2        
  17   2        }
  18   1      }
  19          


MODULE INFORMATION:   STATIC OVERLAYABLE
   CODE SIZE        =     17    ----
   CONSTANT SIZE    =   ----    ----
   XDATA SIZE       =   ----    ----
   PDATA SIZE       =   ----    ----
   DATA SIZE        =   ----    ----
   IDATA SIZE       =   ----    ----
   BIT SIZE         =   ----    ----
END OF MODULE INFORMATION.


C51 COMPILATION COMPLETE.  0 WARNING(S),  0 ERROR(S)
