C51 COMPILER V9.60.7.0   MAIN                                                              08/19/2024 11:12:30 PAGE 1   


C51 COMPILER V9.60.7.0, COMPILATION OF MODULE MAIN
OBJECT MODULE PLACED IN .\Objects\main.obj
COMPILER INVOKED BY: C:\hoc\8051\Keil_C_v5\C51\BIN\C51.EXE main.c OPTIMIZE(8,SPEED) BROWSE DEBUG OBJECTEXTEND PRINT(.\Li
                    -stings\main.lst) TABS(2) OBJECT(.\Objects\main.obj)

line level    source

   1          #include "main.h"
   2          #include "C:\hoc\8051\bai_tap\Library\Delay\Delay.h"
   3          
   4          sbit gio_1 = P3^0;
   5          sbit gio_2 = P3^1;
   6          
   7          sbit phut_1 = P3^2;
   8          sbit phut_2 = P3^3;
   9          
  10          sbit giay_1 = P3^4;
  11          sbit giay_2 = P3^5;
  12          
  13          unsigned char code Code7Seg[] = {0xC0, 0x79, 0x24, 0x30, 0x19, 0x12, 0x02, 0x78, 0x00, 0x10};
  14          
  15          void main()
  16          {
  17   1        unsigned int gio, phut, giay;
  18   1        unsigned int i;
  19   1        gio = phut = giay = 0 ;
  20   1        while(1)
  21   1        {
  22   2          for(i=0; i<167; i++)
  23   2          {
  24   3            //gio 
  25   3            P2 = Code7Seg[gio/10];
  26   3            gio_1 = 0;
  27   3            Delay_ms(1);
  28   3            gio_1 = 1;
  29   3            
  30   3            P2 = Code7Seg[gio%10];
  31   3            gio_2 = 0;
  32   3            Delay_ms(1);
  33   3            gio_2 = 1;
  34   3            
  35   3            //phut
  36   3            P2 = Code7Seg[phut/10];
  37   3            phut_1 = 0;
  38   3            Delay_ms(1);
  39   3            phut_1 = 1;
  40   3            
  41   3            P2 = Code7Seg[phut%10];
  42   3            phut_2 = 0;
  43   3            Delay_ms(1);
  44   3            phut_2 = 1;
  45   3            
  46   3            //giay
  47   3            P2 = Code7Seg[giay/10];
  48   3            giay_1 = 0;           // bat led 1 hien thi hang chuc
  49   3            Delay_ms(1);
  50   3            giay_1 = 1;           // tat led 1
  51   3            
  52   3            P2 = Code7Seg[giay%10];
  53   3            giay_2 = 0;           // bat led 2 hien thi hang chuc
  54   3            Delay_ms(1);
C51 COMPILER V9.60.7.0   MAIN                                                              08/19/2024 11:12:30 PAGE 2   

  55   3            giay_2 = 1;           // tat led 2 hien thi hang don vi   
  56   3          }
  57   2          giay++;
  58   2          if(giay == 60)
  59   2          {
  60   3            giay = 0;
  61   3            phut++;
  62   3          }
  63   2          if(phut == 60)
  64   2          {
  65   3            phut = 0;
  66   3            gio++;
  67   3          }
  68   2          
  69   2          if(gio == 24)
  70   2          {
  71   3            gio = 0;
  72   3            giay = 0;
  73   3          }
  74   2        }
  75   1          
  76   1      }
  77          


MODULE INFORMATION:   STATIC OVERLAYABLE
   CODE SIZE        =    322    ----
   CONSTANT SIZE    =     10    ----
   XDATA SIZE       =   ----    ----
   PDATA SIZE       =   ----    ----
   DATA SIZE        =   ----       8
   IDATA SIZE       =   ----    ----
   BIT SIZE         =   ----    ----
END OF MODULE INFORMATION.


C51 COMPILATION COMPLETE.  0 WARNING(S),  0 ERROR(S)
