C51 COMPILER V9.60.7.0   MAIN                                                              08/16/2024 08:38:26 PAGE 1   


C51 COMPILER V9.60.7.0, COMPILATION OF MODULE MAIN
OBJECT MODULE PLACED IN .\Objects\main.obj
COMPILER INVOKED BY: C:\hoc\8051\Keil_C_v5\C51\BIN\C51.EXE main.c OPTIMIZE(8,SPEED) BROWSE DEBUG OBJECTEXTEND PRINT(.\Li
                    -stings\main.lst) TABS(2) OBJECT(.\Objects\main.obj)

line level    source

   1          #include <REGX52.H>
   2          
   3          void main()
   4          {
   5   1        // khoi tao
   6   1        P2_0 = 0;
   7   1        P2_1 = 0;
   8   1        P2_7 = 0;
   9   1        
  10   1        P0_0 = 0;
  11   1        P0_1 = 0;
  12   1        
  13   1        P1 = 5;
  14   1          // P1   7 6 5 4 3 2 1 0
  15   1          // 5    0 0 0 0 0 1 0 1
  16   1        
  17   1        // vong lap chinh
  18   1        while(1)
  19   1        {
  20   2          
  21   2        }
  22   1      }


MODULE INFORMATION:   STATIC OVERLAYABLE
   CODE SIZE        =     15    ----
   CONSTANT SIZE    =   ----    ----
   XDATA SIZE       =   ----    ----
   PDATA SIZE       =   ----    ----
   DATA SIZE        =   ----    ----
   IDATA SIZE       =   ----    ----
   BIT SIZE         =   ----    ----
END OF MODULE INFORMATION.


C51 COMPILATION COMPLETE.  0 WARNING(S),  0 ERROR(S)
