C51 COMPILER V9.60.7.0   DS1302                                                            09/07/2024 18:02:37 PAGE 1   


C51 COMPILER V9.60.7.0, COMPILATION OF MODULE DS1302
OBJECT MODULE PLACED IN ds1302.OBJ
COMPILER INVOKED BY: C:\hoc\8051\Keil_C_v5\C51\BIN\C51.EXE ds1302.c OPTIMIZE(8,SPEED) BROWSE DEBUG OBJECTEXTEND TABS(2)

line level    source

   1          #include"ds1302.h"
   2          
   3          uchar code READ_RTC_ADDR[7] = {0x81, 0x83, 0x85, 0x87, 0x89, 0x8b, 0x8d}; 
   4          uchar code WRITE_RTC_ADDR[7] = {0x80, 0x82, 0x84, 0x86, 0x88, 0x8a, 0x8c};
   5          
   6          uchar TIME[7] = {0, 0, 0x12, 0x01, 0x01, 0x02, 0x13};
   7          
   8          
   9          void Ds1302Write(uchar addr, uchar dat)
  10          {    
  11   1        uchar n;
  12   1      
  13   1          EA = 0;
  14   1        RST = 0;
  15   1        _nop_();
  16   1      
  17   1        SCLK = 0;
  18   1        _nop_();
  19   1        RST = 1; 
  20   1        _nop_();
  21   1      
  22   1        for (n=0; n<8; n++)
  23   1        {
  24   2          DSIO = addr & 0x01;
  25   2          addr >>= 1;
  26   2          SCLK = 1;
  27   2          _nop_();
  28   2          SCLK = 0;
  29   2          _nop_();
  30   2        }
  31   1        for (n=0; n<8; n++)
  32   1        {
  33   2          DSIO = dat & 0x01;
  34   2          dat >>= 1;
  35   2          SCLK = 1;
  36   2          _nop_();
  37   2          SCLK = 0;
  38   2          _nop_();  
  39   2        } 
  40   1           
  41   1        RST = 0;
  42   1        _nop_();
  43   1          EA = 1;
  44   1      }
  45          
  46          uchar Ds1302Read(uchar addr)
  47          {   
  48   1          uchar n,dat,dat1;
  49   1          
  50   1          EA =0;
  51   1        RST = 0;
  52   1        _nop_();
  53   1      
  54   1        SCLK = 0;
  55   1        _nop_();
C51 COMPILER V9.60.7.0   DS1302                                                            09/07/2024 18:02:37 PAGE 2   

  56   1        RST = 1;
  57   1        _nop_();
  58   1      
  59   1        for(n=0; n<8; n++)
  60   1        {
  61   2          DSIO = addr & 0x01;
  62   2          addr >>= 1;
  63   2          SCLK = 1;
  64   2          _nop_();
  65   2          SCLK = 0;
  66   2          _nop_();
  67   2        }
  68   1        _nop_();
  69   1        for(n=0; n<8; n++)
  70   1        {
  71   2          dat1 = DSIO;
  72   2          dat = (dat>>1) | (dat1<<7);
  73   2          SCLK = 1;
  74   2          _nop_();
  75   2          SCLK = 0;
  76   2          _nop_();
  77   2        }
  78   1      
  79   1        RST = 0;
  80   1        _nop_();
  81   1        SCLK = 1;
  82   1        _nop_();
  83   1        DSIO = 0;
  84   1        _nop_();
  85   1        DSIO = 1;
  86   1        _nop_();
  87   1          EA = 1;
  88   1        return dat; 
  89   1      }
  90          
  91          void Ds1302Init()
  92          {
  93   1        uchar n;
  94   1        Ds1302Write(0x8E,0X00);    
  95   1        for (n=0; n<7; n++)
  96   1        {
  97   2          Ds1302Write(WRITE_RTC_ADDR[n],TIME[n]); 
  98   2        }
  99   1        Ds1302Write(0x8E,0x80); 
 100   1      }
 101          
 102          void Ds1302ReadTime()
 103          {
 104   1        uchar n;
 105   1        for (n=0; n<7; n++)
 106   1        {
 107   2          TIME[n] = Ds1302Read(READ_RTC_ADDR[n]);
 108   2        }
 109   1          
 110   1      }
 111          
 112          


MODULE INFORMATION:   STATIC OVERLAYABLE
   CODE SIZE        =    192    ----
   CONSTANT SIZE    =     14    ----
C51 COMPILER V9.60.7.0   DS1302                                                            09/07/2024 18:02:37 PAGE 3   

   XDATA SIZE       =   ----    ----
   PDATA SIZE       =   ----    ----
   DATA SIZE        =      7    ----
   IDATA SIZE       =   ----    ----
   BIT SIZE         =   ----    ----
END OF MODULE INFORMATION.


C51 COMPILATION COMPLETE.  0 WARNING(S),  0 ERROR(S)
