C51 COMPILER V9.60.7.0   MAIN                                                              08/28/2024 11:01:29 PAGE 1   


C51 COMPILER V9.60.7.0, COMPILATION OF MODULE MAIN
OBJECT MODULE PLACED IN .\Objects\main.obj
COMPILER INVOKED BY: C:\hoc\8051\Keil_C_v5\C51\BIN\C51.EXE main.c OPTIMIZE(8,SPEED) BROWSE DEBUG OBJECTEXTEND PRINT(.\Li
                    -stings\main.lst) TABS(2) OBJECT(.\Objects\main.obj)

line level    source

   1          #include "main.h"
   2          #include "C:\hoc\8051\bai_tap\Library\Delay\Delay.h"
   3          
   4          sbit IE74595_STCP = P3^5;     // RCK
   5          sbit IE74595_SHCP = P3^6;     // SRCLK
   6          sbit IE74595_DS = P3^4;       // SER
   7          
   8          unsigned char LedMatrix5x7_0[] = {0x0E, 0x11, 0x13, 0x15, 0x19, 0x11, 0x0E};// mã tao so 0 tren led ma tra
             -n
   9          //hien thi so 0 len led ma tran
  10          void main()
  11          {
  12   1        unsigned int i;
  13   1        while(1)
  14   1        {
  15   2          for(i=0; i<7; i++)
  16   2          {
  17   3            P0 = LedMatrix5x7_0[i];
  18   3            P2 = 0x01<<i;
  19   3            Delay_ms(1);
  20   3            P2 = 0x00;
  21   3          }
  22   2        }
  23   1      }


MODULE INFORMATION:   STATIC OVERLAYABLE
   CODE SIZE        =     56    ----
   CONSTANT SIZE    =   ----    ----
   XDATA SIZE       =   ----    ----
   PDATA SIZE       =   ----    ----
   DATA SIZE        =      7       2
   IDATA SIZE       =   ----    ----
   BIT SIZE         =   ----    ----
END OF MODULE INFORMATION.


C51 COMPILATION COMPLETE.  0 WARNING(S),  0 ERROR(S)
