C51 COMPILER V9.60.7.0   MAIN                                                              08/26/2024 09:45:12 PAGE 1   


C51 COMPILER V9.60.7.0, COMPILATION OF MODULE MAIN
OBJECT MODULE PLACED IN .\Objects\main.obj
COMPILER INVOKED BY: C:\hoc\8051\Keil_C_v5\C51\BIN\C51.EXE main.c OPTIMIZE(8,SPEED) BROWSE DEBUG OBJECTEXTEND PRINT(.\Li
                    -stings\main.lst) TABS(2) OBJECT(.\Objects\main.obj)

line level    source

   1          #include "main.h"
   2          #include "C:\hoc\8051\bai_tap\Library\Delay\Delay.h"
   3          
   4          void main()
   5          {
   6   1        unsigned char b;
   7   1        SM0 = SM1 = 0; // UART mode 0
   8   1        REN = 1; // cho phep nhan du lieu
   9   1        P1_0 = 0;
  10   1        while(1)
  11   1        {
  12   2          // tao xung chot du lieu cho 74165
  13   2          P3_2 = 0;
  14   2          P3_2 = 1;
  15   2        
  16   2          // khi RI len 1 thi se truyen toan bo bit trong thanh ghi cua 74165 ra vi dieu khien
  17   2          RI = 0;
  18   2          while(RI==0);
  19   2          b = SBUF;
  20   2          if( (b&0x02) == 0 ) //0000 0010
  21   2          {
  22   3            P1_0 = 1;
  23   3          }
  24   2          if( (b&0x01) == 0 ) //0000 0001
  25   2          {
  26   3            P1_0 = 0;
  27   3          }
  28   2          
  29   2        }
  30   1      }


MODULE INFORMATION:   STATIC OVERLAYABLE
   CODE SIZE        =     33    ----
   CONSTANT SIZE    =   ----    ----
   XDATA SIZE       =   ----    ----
   PDATA SIZE       =   ----    ----
   DATA SIZE        =   ----    ----
   IDATA SIZE       =   ----    ----
   BIT SIZE         =   ----    ----
END OF MODULE INFORMATION.


C51 COMPILATION COMPLETE.  0 WARNING(S),  0 ERROR(S)
