C51 COMPILER V9.60.7.0   MAIN                                                              08/21/2024 09:58:06 PAGE 1   


C51 COMPILER V9.60.7.0, COMPILATION OF MODULE MAIN
OBJECT MODULE PLACED IN .\Objects\main.obj
COMPILER INVOKED BY: C:\hoc\8051\Keil_C_v5\C51\BIN\C51.EXE main.c OPTIMIZE(8,SPEED) BROWSE DEBUG OBJECTEXTEND PRINT(.\Li
                    -stings\main.lst) TABS(2) OBJECT(.\Objects\main.obj)

line level    source

   1          #include "main.h"
   2          #include "C:\hoc\8051\bai_tap\Library\Delay\Delay.h"
   3          #include "C:\hoc\8051\bai_tap\Library\IE 74595\IE74595.h"
   4          
   5          unsigned char code Code7Seg[] = {0xC0, 0x79, 0x24, 0x30, 0x19, 0x12, 0x02, 0x78, 0x00, 0x10};
   6          
   7          void main()
   8          {
   9   1        unsigned int i;
  10   1        unsigned char buffer[2];
  11   1        while(1)
  12   1        {
  13   2          for(i=0; i<100; i++)
  14   2          {
  15   3            buffer[0] = Code7Seg[i/10];
  16   3            buffer[1] = Code7Seg[i%10];
  17   3            IE74595_Out(&buffer, 2);
  18   3            Delay_ms(500);
  19   3          }
  20   2        
  21   2        }
  22   1      }


MODULE INFORMATION:   STATIC OVERLAYABLE
   CODE SIZE        =     92    ----
   CONSTANT SIZE    =     10    ----
   XDATA SIZE       =   ----    ----
   PDATA SIZE       =   ----    ----
   DATA SIZE        =   ----       4
   IDATA SIZE       =   ----    ----
   BIT SIZE         =   ----    ----
END OF MODULE INFORMATION.


C51 COMPILATION COMPLETE.  0 WARNING(S),  0 ERROR(S)
