C51 COMPILER V9.60.7.0   MAIN                                                              09/08/2024 15:05:25 PAGE 1   


C51 COMPILER V9.60.7.0, COMPILATION OF MODULE MAIN
OBJECT MODULE PLACED IN .\Objects\main.obj
COMPILER INVOKED BY: C:\hoc\8051\Keil_C_v5\C51\BIN\C51.EXE main.c OPTIMIZE(8,SPEED) BROWSE DEBUG OBJECTEXTEND PRINT(.\Li
                    -stings\main.lst) TABS(2) OBJECT(.\Objects\main.obj)

line level    source

   1          #include "Main.h"
   2          #include "Port.h"
   3          #include "C:\hoc\8051\bai_tap\Library\LCD16x2_4bit\LCD4.h"
   4          #include "C:\hoc\8051\bai_tap\Library\Delay\Delay.h"
   5          #include "C:\hoc\8051\bai_tap\Library\ADC0804\ADC0804.h"
   6          #include "String.h"
   7          
   8          void main()
   9          {
  10   1        unsigned char adc_value;
  11   1        unsigned int voltage;
  12   1        Lcd_Init();
  13   1        while(1)
  14   1        {
  15   2          // hien thi gia tri ADC
  16   2          adc_value = ADC0804_Read();
  17   2          Lcd_Out(1,1,"ADC value: ");
  18   2          Lcd_Chr_Cp(adc_value/100 + 0x30);
  19   2          Lcd_Chr_Cp(adc_value%100/10 + 0x30);
  20   2          Lcd_Chr_Cp(adc_value%10 + 0x30);
  21   2          
  22   2          // hien thi gia tri voltage
  23   2          voltage = (unsigned int)(adc_value * (5.0/255.0) *100);
  24   2          Lcd_Out(2,1,"voltage: ");
  25   2          Lcd_Chr_Cp(voltage/100 + 0x30);
  26   2          Lcd_Chr_Cp('.');
  27   2          Lcd_Chr_Cp(voltage%100/10 + 0x30);
  28   2          Lcd_Chr_Cp(voltage%10 + 0x30);
  29   2          
  30   2          Delay_ms(500); //tranh nhap nhay man hinh Lcd tren mach that
  31   2        }
  32   1      }


MODULE INFORMATION:   STATIC OVERLAYABLE
   CODE SIZE        =    184    ----
   CONSTANT SIZE    =     22    ----
   XDATA SIZE       =   ----    ----
   PDATA SIZE       =   ----    ----
   DATA SIZE        =   ----       3
   IDATA SIZE       =   ----    ----
   BIT SIZE         =   ----    ----
END OF MODULE INFORMATION.


C51 COMPILATION COMPLETE.  0 WARNING(S),  0 ERROR(S)
