C51 COMPILER V9.60.7.0   MAIN                                                              08/28/2024 21:19:00 PAGE 1   


C51 COMPILER V9.60.7.0, COMPILATION OF MODULE MAIN
OBJECT MODULE PLACED IN main.OBJ
COMPILER INVOKED BY: C:\hoc\8051\Keil_C_v5\C51\BIN\C51.EXE main.c OPTIMIZE(8,SPEED) BROWSE DEBUG OBJECTEXTEND TABS(2)

line level    source

   1          
   2          #include<reg51.h>
   3          
   4          sbit LSA=P2^2;
   5          sbit LSB=P2^3;
   6          sbit LSC=P2^4;
   7          
   8          unsigned char code DIG_CODE[17]={
   9          0x3f,0x06,0x5b,0x4f,0x66,0x6d,0x7d,0x07,
  10          0x7f,0x6f,0x77,0x7c,0x39,0x5e,0x79,0x71};
  11          
  12          unsigned char DisplayData[8];
  13          
  14          void DigDisplay();
  15          
  16          void main(void)
  17          {
  18   1        unsigned char i;
  19   1        for(i=0;i<8;i++)
  20   1        {
  21   2          DisplayData[i]=DIG_CODE[i]; 
  22   2        }
  23   1        while(1)
  24   1        {
  25   2          DigDisplay();
  26   2        }       
  27   1      }
  28          
  29          void DigDisplay()
  30          {
  31   1        unsigned char i;
  32   1        unsigned int j;
  33   1        for(i=0;i<8;i++)
  34   1        {
  35   2          switch(i)  
  36   2          {
  37   3            case(0):
  38   3              LSA=0;LSB=0;LSC=0; break;
  39   3            case(1):
  40   3              LSA=1;LSB=0;LSC=0; break;
  41   3            case(2):
  42   3              LSA=0;LSB=1;LSC=0; break;
  43   3            case(3):
  44   3              LSA=1;LSB=1;LSC=0; break;
  45   3            case(4):
  46   3              LSA=0;LSB=0;LSC=1; break;
  47   3            case(5):
  48   3              LSA=1;LSB=0;LSC=1; break;
  49   3            case(6):
  50   3              LSA=0;LSB=1;LSC=1; break;
  51   3            case(7):
  52   3              LSA=1;LSB=1;LSC=1; break;
  53   3          }
  54   2          P0=DisplayData[i];
  55   2          j=10;            
C51 COMPILER V9.60.7.0   MAIN                                                              08/28/2024 21:19:00 PAGE 2   

  56   2          while(j--); 
  57   2          P0=0x00;
  58   2        }
  59   1      }


MODULE INFORMATION:   STATIC OVERLAYABLE
   CODE SIZE        =    138    ----
   CONSTANT SIZE    =     17    ----
   XDATA SIZE       =   ----    ----
   PDATA SIZE       =   ----    ----
   DATA SIZE        =      8    ----
   IDATA SIZE       =   ----    ----
   BIT SIZE         =   ----    ----
END OF MODULE INFORMATION.


C51 COMPILATION COMPLETE.  0 WARNING(S),  0 ERROR(S)
