C51 COMPILER V9.60.7.0   MAIN                                                              08/21/2024 11:15:54 PAGE 1   


C51 COMPILER V9.60.7.0, COMPILATION OF MODULE MAIN
OBJECT MODULE PLACED IN .\Objects\main.obj
COMPILER INVOKED BY: C:\hoc\8051\Keil_C_v5\C51\BIN\C51.EXE main.c OPTIMIZE(8,SPEED) BROWSE DEBUG OBJECTEXTEND PRINT(.\Li
                    -stings\main.lst) TABS(2) OBJECT(.\Objects\main.obj)

line level    source

   1          #include "main.h"
   2          #include "C:\hoc\8051\bai_tap\Library\Delay\Delay.h"
   3          
   4          sbit LE_1 = P2^0;
   5          sbit LE_2 = P2^1;
   6          
   7          unsigned char code Code7Seg[] = {0xC0, 0x79, 0x24, 0x30, 0x19, 0x12, 0x02, 0x78, 0x00, 0x10};
   8          
   9          void main()
  10          {
  11   1        unsigned int i;
  12   1        LE_1 = LE_2 = 0;
  13   1        while(1)
  14   1        {
  15   2          for(i=0; i <100; i++)
  16   2          {
  17   3            P0 = Code7Seg[i/10];
  18   3            LE_1 = 1;
  19   3            Delay_ms(10);
  20   3            LE_1 = 0;
  21   3      
  22   3          
  23   3            P0 = Code7Seg[i%10];
  24   3            LE_2 = 1;
  25   3            Delay_ms(10);
  26   3            LE_2 = 0;
  27   3      
  28   3            
  29   3            Delay_ms(500);
  30   3          }
  31   2        
  32   2        }
  33   1      }


MODULE INFORMATION:   STATIC OVERLAYABLE
   CODE SIZE        =    107    ----
   CONSTANT SIZE    =     10    ----
   XDATA SIZE       =   ----    ----
   PDATA SIZE       =   ----    ----
   DATA SIZE        =   ----       2
   IDATA SIZE       =   ----    ----
   BIT SIZE         =   ----    ----
END OF MODULE INFORMATION.


C51 COMPILATION COMPLETE.  0 WARNING(S),  0 ERROR(S)
