C51 COMPILER V9.60.7.0   MAIN                                                              08/18/2024 15:17:41 PAGE 1   


C51 COMPILER V9.60.7.0, COMPILATION OF MODULE MAIN
OBJECT MODULE PLACED IN .\Objects\main.obj
COMPILER INVOKED BY: C:\hoc\8051\Keil_C_v5\C51\BIN\C51.EXE main.c OPTIMIZE(8,SPEED) BROWSE DEBUG OBJECTEXTEND PRINT(.\Li
                    -stings\main.lst) TABS(2) OBJECT(.\Objects\main.obj)

line level    source

   1          #include "main.h"
   2          #include "C:\hoc\8051\bai_tap\Library\Delay\Delay.h"
   3          
   4          #define dem P0
   5          
   6          sbit btn = P1^0;
   7          sbit notu = P2^0;
   8          
   9          unsigned char code Code7Seg[] = {0xC0, 0x79, 0x24, 0x30, 0x19, 0x12, 0x02, 0x78, 0x00, 0x10};
  10          void main()
  11          {
  12   1        signed char i;
  13   1        while(1)
  14   1        {
  15   2          if( btn == 0 )
  16   2          {
  17   3            Delay_ms(20);
  18   3            for(i=9;i>=0;i--)
  19   3            {
  20   4              dem = Code7Seg[i];
  21   4              Delay_ms(1000);
  22   4            }
  23   3            notu = !notu;
  24   3            Delay_ms(5000);
  25   3            notu = !notu;
  26   3            
  27   3          }
  28   2        
  29   2        }
  30   1      }
  31          


MODULE INFORMATION:   STATIC OVERLAYABLE
   CODE SIZE        =     65    ----
   CONSTANT SIZE    =     10    ----
   XDATA SIZE       =   ----    ----
   PDATA SIZE       =   ----    ----
   DATA SIZE        =   ----       1
   IDATA SIZE       =   ----    ----
   BIT SIZE         =   ----    ----
END OF MODULE INFORMATION.


C51 COMPILATION COMPLETE.  0 WARNING(S),  0 ERROR(S)
