C51 COMPILER V9.60.7.0   MAIN                                                              08/16/2024 22:40:00 PAGE 1   


C51 COMPILER V9.60.7.0, COMPILATION OF MODULE MAIN
OBJECT MODULE PLACED IN .\Objects\main.obj
COMPILER INVOKED BY: C:\hoc\8051\Keil_C_v5\C51\BIN\C51.EXE main.c OPTIMIZE(8,SPEED) BROWSE DEBUG OBJECTEXTEND PRINT(.\Li
                    -stings\main.lst) TABS(2) OBJECT(.\Objects\main.obj)

line level    source

   1          #include <REGX52.H>
   2          
   3          void Delay_ms(unsigned int t)
   4          {
   5   1        unsigned int x, y;
   6   1        for(x =0; x<t; x++)
   7   1        {
   8   2          for(y=0; y<123; y++);
   9   2        }
  10   1      }
  11          
  12          void main()
  13          {
  14   1        unsigned char i;
  15   1        
  16   1        while(1)
  17   1        {
  18   2          P0 = 0x01;
  19   2          for(i=0; i<8; i++)
  20   2          {
  21   3            Delay_ms(1000);
  22   3            P0 = P0 << 1;
  23   3          }
  24   2        }
  25   1      }


MODULE INFORMATION:   STATIC OVERLAYABLE
   CODE SIZE        =     56    ----
   CONSTANT SIZE    =   ----    ----
   XDATA SIZE       =   ----    ----
   PDATA SIZE       =   ----    ----
   DATA SIZE        =   ----    ----
   IDATA SIZE       =   ----    ----
   BIT SIZE         =   ----    ----
END OF MODULE INFORMATION.


C51 COMPILATION COMPLETE.  0 WARNING(S),  0 ERROR(S)
