C51 COMPILER V9.60.7.0   MAIN                                                              08/26/2024 09:06:47 PAGE 1   


C51 COMPILER V9.60.7.0, COMPILATION OF MODULE MAIN
OBJECT MODULE PLACED IN .\Objects\main.obj
COMPILER INVOKED BY: C:\hoc\8051\Keil_C_v5\C51\BIN\C51.EXE main.c OPTIMIZE(8,SPEED) BROWSE DEBUG OBJECTEXTEND PRINT(.\Li
                    -stings\main.lst) TABS(2) OBJECT(.\Objects\main.obj)

line level    source

   1          #include "main.h"
   2          #include "C:\hoc\8051\bai_tap\Library\Delay\Delay.h"
   3          
   4          void Uart_mode0_write(unsigned char b)
   5          {
   6   1        SBUF = b;
   7   1        
   8   1        while( TI==0 );
   9   1        TI = 0;
  10   1        
  11   1        P3_2 = 0;
  12   1        P3_2 = 1;
  13   1      }
  14          
  15          void main()
  16          {
  17   1        unsigned int i;
  18   1        // khoi tao UART mode 0
  19   1        SM0 = 0;
  20   1        SM1 = 0;
  21   1        
  22   1        while(1)
  23   1        {
  24   2          for(i=0; i<3; i++)
  25   2          {
  26   3            Uart_mode0_write(0x00);
  27   3            Delay_ms(500);
  28   3            Uart_mode0_write(0xFF);
  29   3            Delay_ms(500);    
  30   3          }
  31   2          for(i=0; i<3; i++)
  32   2          {
  33   3            Uart_mode0_write(0xAA);
  34   3            Delay_ms(500);
  35   3            Uart_mode0_write(0x55);
  36   3            Delay_ms(500);
  37   3          }
  38   2        }
  39   1      }


MODULE INFORMATION:   STATIC OVERLAYABLE
   CODE SIZE        =    112    ----
   CONSTANT SIZE    =   ----    ----
   XDATA SIZE       =   ----    ----
   PDATA SIZE       =   ----    ----
   DATA SIZE        =   ----       2
   IDATA SIZE       =   ----    ----
   BIT SIZE         =   ----    ----
END OF MODULE INFORMATION.


C51 COMPILATION COMPLETE.  0 WARNING(S),  0 ERROR(S)
