C51 COMPILER V9.60.7.0   MAIN                                                              09/08/2024 16:08:16 PAGE 1   


C51 COMPILER V9.60.7.0, COMPILATION OF MODULE MAIN
OBJECT MODULE PLACED IN main.OBJ
COMPILER INVOKED BY: C:\hoc\8051\Keil_C_v5\C51\BIN\C51.EXE main.c OPTIMIZE(8,SPEED) BROWSE DEBUG OBJECTEXTEND TABS(2)

line level    source

   1          #include <reg52.h>
   2          
   3          sbit PWM=P2^1;
   4          bit DIR;
   5          
   6          unsigned int count,value,timer1;
   7          
   8          void Time1Config();
   9          
  10          void main(void)
  11          {
  12   1        Time1Config();
  13   1        while(1)
  14   1        {  
  15   2          if(count>100)             
  16   2          {  
  17   3            count=0;
  18   3            if(DIR==1)             
  19   3            {
  20   4              value++;
  21   4            }     
  22   3            if(DIR==0)
  23   3            {
  24   4              value--;
  25   4            }
  26   3              
  27   3          }
  28   2      
  29   2          if(value==1000)
  30   2          {
  31   3            DIR=0;
  32   3          }
  33   2          if(value==0)
  34   2          {
  35   3            DIR=1;
  36   3          } 
  37   2              
  38   2          if(timer1>1000)  
  39   2          {
  40   3            timer1=0;
  41   3          }
  42   2          if(timer1 <value) 
  43   2          {
  44   3            PWM=1;
  45   3          }
  46   2          else
  47   2          {
  48   3            PWM=0;
  49   3          }
  50   2        }
  51   1        
  52   1      
  53   1       }
  54          
  55          void Time1Config()
C51 COMPILER V9.60.7.0   MAIN                                                              09/08/2024 16:08:16 PAGE 2   

  56          {
  57   1        TMOD|= 0x10;   
  58   1        TH1 = 0xFF; 
  59   1        TL1 = 0xff;
  60   1        
  61   1        ET1 = 1; 
  62   1        EA = 1;
  63   1        TR1 = 1;   
  64   1      }
  65          
  66          void Time1(void) interrupt 3    
  67          {
  68   1        TH1 = 0xFF; 
  69   1        TL1 = 0xFf;
  70   1        timer1++; 
  71   1          count++;
  72   1      }
  73          
  74          


MODULE INFORMATION:   STATIC OVERLAYABLE
   CODE SIZE        =    139    ----
   CONSTANT SIZE    =   ----    ----
   XDATA SIZE       =   ----    ----
   PDATA SIZE       =   ----    ----
   DATA SIZE        =      6    ----
   IDATA SIZE       =   ----    ----
   BIT SIZE         =      1    ----
END OF MODULE INFORMATION.


C51 COMPILATION COMPLETE.  0 WARNING(S),  0 ERROR(S)
