C51 COMPILER V9.60.7.0   MAIN                                                              09/23/2024 21:28:58 PAGE 1   


C51 COMPILER V9.60.7.0, COMPILATION OF MODULE MAIN
OBJECT MODULE PLACED IN .\Objects\main.obj
COMPILER INVOKED BY: C:\hoc\8051\Keil_C_v5\C51\BIN\C51.EXE main.c OPTIMIZE(8,SPEED) BROWSE DEBUG OBJECTEXTEND PRINT(.\Li
                    -stings\main.lst) TABS(2) OBJECT(.\Objects\main.obj)

line level    source

   1          //doc gia tri ADC tu quang dien tro dieu khien bat tat LED
   2          #include "Main.h"
   3          #include "Port.h"
   4          #include "C:\hoc\8051\bai_tap\Library\XPT2046\XPT2046.h"
   5          #include "C:\hoc\8051\bai_tap\Library\LCD16x2_4bit\LCD4.h"
   6          #include "C:\hoc\8051\bai_tap\Library\Delay\Delay.h"
   7          #include "String.h"
   8          
   9          void main()
  10          {
  11   1        unsigned int adc_value;
  12   1        LCD_RW = 0;
  13   1        Lcd_Init();
  14   1        while(1)
  15   1        {
  16   2      //    adc_value = Read_AD_Data(0x94);     //AIN0 doc gia tri tu triet ap AD1 tren bo kit8051 pro
  17   2      //    adc_value = Read_AD_Data(0xD4);   //   AIN1 doc gia tri tu dien tro nhiet NTC1
  18   2          adc_value = Read_AD_Data(0xA4);   //   AIN2 doc gia tri tu quang dien tro
  19   2      //    adc_value = Read_AD_Data(0xE4);   //   AIN3 doc gia tri tu bo DAC 
  20   2          Lcd_Out(1,1,"ADC_value: ");
  21   2          Lcd_Chr_Cp(adc_value/1000 + 0x30);
  22   2          Lcd_Chr_Cp(adc_value%1000/100 + 0x30);
  23   2          Lcd_Chr_Cp(adc_value%100/10 + 0x30);
  24   2          Lcd_Chr_Cp(adc_value%10 + 0x30);
  25   2          
  26   2          Lcd_Out(2,1, "Led: ");
  27   2          if(adc_value<100)
  28   2          {
  29   3            P2_0 = 1;
  30   3            Lcd_Out(2, 6,"OFF");
  31   3          }else{
  32   3            P2_0 = 0;
  33   3            Lcd_Out(2, 6, "ON ");
  34   3          }
  35   2          Delay_ms(500); // chong man hinh LCD bi nhap nhay
  36   2        }
  37   1      }


MODULE INFORMATION:   STATIC OVERLAYABLE
   CODE SIZE        =    184    ----
   CONSTANT SIZE    =     26    ----
   XDATA SIZE       =   ----    ----
   PDATA SIZE       =   ----    ----
   DATA SIZE        =   ----       2
   IDATA SIZE       =   ----    ----
   BIT SIZE         =   ----    ----
END OF MODULE INFORMATION.


C51 COMPILATION COMPLETE.  0 WARNING(S),  0 ERROR(S)
