C51 COMPILER V9.60.7.0   XPT2046                                                           09/23/2024 21:28:58 PAGE 1   


C51 COMPILER V9.60.7.0, COMPILATION OF MODULE XPT2046
OBJECT MODULE PLACED IN .\Objects\XPT2046.obj
COMPILER INVOKED BY: C:\hoc\8051\Keil_C_v5\C51\BIN\C51.EXE ..\..\..\Library\XPT2046\XPT2046.c OPTIMIZE(8,SPEED) BROWSE D
                    -EBUG OBJECTEXTEND PRINT(.\Listings\XPT2046.lst) TABS(2) OBJECT(.\Objects\XPT2046.obj)

line level    source

   1          // khai bao chan ket noi cua ic chuyen doi tin hieu adc ET2046(XPT2046)
   2          //sbit DOUT = P3^7;   
   3          //sbit CLK  = P3^6;   
   4          //sbit DIN  = P3^4;   
   5          //sbit CS   = P3^5;  
   6          
   7          //adc_value = Read_AD_Data(0x94);     //AIN0 doc gia tri tu triet ap AD1 tren bo kit8051 pro
   8          //adc_value = Read_AD_Data(0xD4);   //   AIN1 doc gia tri tu dien tro nhiet NTC1
   9          //adc_value = Read_AD_Data(0xA4);   //   AIN2 doc gia tri tu quang dien tro
  10          //adc_value = Read_AD_Data(0xE4);   //   AIN3 doc gia tri tu bo DAC 
  11          
  12          #include "C:\hoc\8051\bai_tap\Library\XPT2046\XPT2046.h"
  13          #include "Main.h"
  14          #include "Port.h"
  15          
  16          void SPI_Start(void)
  17          {
  18   1        CLK = 0;
  19   1        CS  = 1;
  20   1        DIN = 1;
  21   1        CLK = 1;
  22   1        CS  = 0;    
  23   1      }
  24          
  25          
  26          void SPI_Write(uchar dat)
  27          {
  28   1        uchar i;
  29   1        CLK = 0;
  30   1        for(i=0; i<8; i++)
  31   1        {
  32   2          DIN = dat >> 7;   
  33   2          dat <<= 1;
  34   2          CLK = 0;      
  35   2          CLK = 1;
  36   2      
  37   2        }
  38   1      }
  39          
  40          uint SPI_Read(void)
  41          {
  42   1        uint i, dat=0;
  43   1        CLK = 0;
  44   1        for(i=0; i<12; i++) 
  45   1        {
  46   2          dat <<= 1;
  47   2      
  48   2          CLK = 1;
  49   2          CLK = 0;
  50   2      
  51   2          dat |= DOUT;
  52   2      
  53   2        }
  54   1        return dat; 
C51 COMPILER V9.60.7.0   XPT2046                                                           09/23/2024 21:28:58 PAGE 2   

  55   1      }
  56          
  57          uint Read_AD_Data(uchar cmd)
  58          {
  59   1        uchar i;
  60   1        uint AD_Value;
  61   1        CLK = 0;
  62   1        CS  = 0;
  63   1        SPI_Write(cmd);
  64   1        for(i=6; i>0; i--); 
  65   1        CLK = 1;  
  66   1        _nop_();
  67   1        _nop_();
  68   1        CLK = 0;
  69   1        _nop_();
  70   1        _nop_();
  71   1        AD_Value=SPI_Read();
  72   1        CS = 1;
  73   1        return AD_Value;  
  74   1      }


MODULE INFORMATION:   STATIC OVERLAYABLE
   CODE SIZE        =    100    ----
   CONSTANT SIZE    =   ----    ----
   XDATA SIZE       =   ----    ----
   PDATA SIZE       =   ----    ----
   DATA SIZE        =   ----    ----
   IDATA SIZE       =   ----    ----
   BIT SIZE         =   ----    ----
END OF MODULE INFORMATION.


C51 COMPILATION COMPLETE.  0 WARNING(S),  0 ERROR(S)
