C51 COMPILER V9.60.7.0   MAIN                                                              08/16/2024 17:18:32 PAGE 1   


C51 COMPILER V9.60.7.0, COMPILATION OF MODULE MAIN
OBJECT MODULE PLACED IN .\Objects\main.obj
COMPILER INVOKED BY: C:\hoc\8051\Keil_C_v5\C51\BIN\C51.EXE main.c OPTIMIZE(8,SPEED) BROWSE DEBUG OBJECTEXTEND PRINT(.\Li
                    -stings\main.lst) TABS(2) OBJECT(.\Objects\main.obj)

line level    source

   1          #include <REGX52.H>
   2          
   3          void Delay_ms(unsigned int t)
   4          {
   5   1        unsigned int x, y;
   6   1        for(x=0; x<t; x++)
   7   1        {
   8   2          for(y=0; y<123; y++);
   9   2        }
  10   1      }
  11          
  12          void main()
  13          {
  14   1        while(1)
  15   1        { // sang va tat tung led tu tren xuong
  16   2          P0 = 0x01;
  17   2          Delay_ms(500);
  18   2          P0 = 0x02;
  19   2          Delay_ms(500);
  20   2          P0 = 0x04;
  21   2          Delay_ms(500);
  22   2          P0 = 0x08;
  23   2          Delay_ms(500);
  24   2          P0 = 0x10;
  25   2          Delay_ms(500);
  26   2          P0 = 0x20;
  27   2          Delay_ms(500);
  28   2          P0 = 0x40;
  29   2          Delay_ms(500);
  30   2          P0 = 0x80;
  31   2          Delay_ms(500);
  32   2          
  33   2          // sang va tat tung led tu duoi lem
  34   2          P0 = 0x80;
  35   2          Delay_ms(500);
  36   2          P0 = 0x40;
  37   2          Delay_ms(500);
  38   2          P0 = 0x20;
  39   2          Delay_ms(500);
  40   2          P0 = 0x10;
  41   2          Delay_ms(500);
  42   2          P0 = 0x08;
  43   2          Delay_ms(500);    
  44   2          P0 = 0x04;
  45   2          Delay_ms(500);    
  46   2          P0 = 0x02;
  47   2          Delay_ms(500);    
  48   2          P0 = 0x01;
  49   2          Delay_ms(500);    
  50   2          
  51   2        }
  52   1      }


C51 COMPILER V9.60.7.0   MAIN                                                              08/16/2024 17:18:32 PAGE 2   

MODULE INFORMATION:   STATIC OVERLAYABLE
   CODE SIZE        =    128    ----
   CONSTANT SIZE    =   ----    ----
   XDATA SIZE       =   ----    ----
   PDATA SIZE       =   ----    ----
   DATA SIZE        =   ----    ----
   IDATA SIZE       =   ----    ----
   BIT SIZE         =   ----    ----
END OF MODULE INFORMATION.


C51 COMPILATION COMPLETE.  0 WARNING(S),  0 ERROR(S)
