C51 COMPILER V9.60.7.0   MAIN                                                              09/07/2024 17:56:21 PAGE 1   


C51 COMPILER V9.60.7.0, COMPILATION OF MODULE MAIN
OBJECT MODULE PLACED IN main.OBJ
COMPILER INVOKED BY: C:\hoc\8051\Keil_C_v5\C51\BIN\C51.EXE main.c OPTIMIZE(8,SPEED) BROWSE DEBUG OBJECTEXTEND TABS(2)

line level    source

   1          
   2          #include<reg51.h>
   3          #include"lcd.h"
   4          #include"ds1302.h"
   5          
   6          void LcdDisplay();
   7          
   8          
   9          void main()
  10          {
  11   1        LcdInit();
  12   1        Ds1302Init();
  13   1        while(1)
  14   1        { 
  15   2          Ds1302ReadTime();
  16   2          LcdDisplay(); 
  17   2        }
  18   1        
  19   1      }
  20          
  21          
  22          void LcdDisplay()
  23          {
  24   1        LcdWriteCom(0x80+0X40);
  25   1        LcdWriteData('0'+TIME[2]/16);       
  26   1        LcdWriteData('0'+(TIME[2]&0x0f));        
  27   1        LcdWriteData('-');
  28   1        LcdWriteData('0'+TIME[1]/16);     
  29   1        LcdWriteData('0'+(TIME[1]&0x0f)); 
  30   1        LcdWriteData('-');
  31   1        LcdWriteData('0'+TIME[0]/16);       
  32   1        LcdWriteData('0'+(TIME[0]&0x0f));
  33   1      
  34   1        LcdWriteCom(0x80);
  35   1        LcdWriteData('2');
  36   1        LcdWriteData('0');
  37   1        LcdWriteData('0'+TIME[6]/16);     
  38   1        LcdWriteData('0'+(TIME[6]&0x0f));
  39   1        LcdWriteData('-');
  40   1        LcdWriteData('0'+TIME[4]/16);   
  41   1        LcdWriteData('0'+(TIME[4]&0x0f));
  42   1        LcdWriteData('-');
  43   1        LcdWriteData('0'+TIME[3]/16);     
  44   1        LcdWriteData('0'+(TIME[3]&0x0f));
  45   1        LcdWriteCom(0x8D);
  46   1        LcdWriteData('0'+(TIME[5]&0x07));    
  47   1      }


MODULE INFORMATION:   STATIC OVERLAYABLE
   CODE SIZE        =    195    ----
   CONSTANT SIZE    =   ----    ----
   XDATA SIZE       =   ----    ----
   PDATA SIZE       =   ----    ----
   DATA SIZE        =   ----    ----
C51 COMPILER V9.60.7.0   MAIN                                                              09/07/2024 17:56:21 PAGE 2   

   IDATA SIZE       =   ----    ----
   BIT SIZE         =   ----    ----
END OF MODULE INFORMATION.


C51 COMPILATION COMPLETE.  0 WARNING(S),  0 ERROR(S)
