C51 COMPILER V9.60.7.0   MAIN                                                              09/08/2024 21:57:38 PAGE 1   


C51 COMPILER V9.60.7.0, COMPILATION OF MODULE MAIN
OBJECT MODULE PLACED IN .\Objects\main.obj
COMPILER INVOKED BY: C:\hoc\8051\Keil_C_v5\C51\BIN\C51.EXE main.c OPTIMIZE(8,SPEED) BROWSE DEBUG OBJECTEXTEND PRINT(.\Li
                    -stings\main.lst) TABS(2) OBJECT(.\Objects\main.obj)

line level    source

   1          //su dung cam bien nhiet do LM335 hien thi nhiet do len LCD
   2          
   3          #include "Main.h"
   4          #include "Port.h"
   5          #include "C:\hoc\8051\bai_tap\Library\LCD16x2_4bit\LCD4.h"
   6          #include "C:\hoc\8051\bai_tap\Library\Delay\Delay.h"
   7          #include "C:\hoc\8051\bai_tap\Library\ADC0804\ADC0804.h"
   8          #include "String.h"
   9          #include "stdio.h"
  10          
  11          void main()
  12          {
  13   1        unsigned char adc_value;
  14   1        unsigned int temp;
  15   1        char buff[16];
  16   1        
  17   1        LCD_RW = 0;
  18   1        Lcd_Init();
  19   1      
  20   1        while(1)
  21   1        {
  22   2          adc_value = ADC0804_Read(); //doc gia tri ADC tu ic ADC0804 gan vao bien adc_value
  23   2          
  24   2          temp = (unsigned int)(adc_value*(100.0/255.0));
  25   2          sprintf(buff, "Nhiet do:%3d",temp);
  26   2          Lcd_Out(1,1,buff);
  27   2          
  28   2          Delay_ms(200); // tranh man hinh LCD nhap nhay
  29   2            
  30   2        }
  31   1      }


MODULE INFORMATION:   STATIC OVERLAYABLE
   CODE SIZE        =     80    ----
   CONSTANT SIZE    =     13    ----
   XDATA SIZE       =   ----    ----
   PDATA SIZE       =   ----    ----
   DATA SIZE        =   ----      19
   IDATA SIZE       =   ----    ----
   BIT SIZE         =   ----    ----
END OF MODULE INFORMATION.


C51 COMPILATION COMPLETE.  0 WARNING(S),  0 ERROR(S)
