C51 COMPILER V9.60.7.0   MAIN                                                              08/29/2024 08:28:31 PAGE 1   


C51 COMPILER V9.60.7.0, COMPILATION OF MODULE MAIN
OBJECT MODULE PLACED IN .\Objects\main.obj
COMPILER INVOKED BY: C:\hoc\8051\Keil_C_v5\C51\BIN\C51.EXE main.c OPTIMIZE(8,SPEED) BROWSE DEBUG OBJECTEXTEND PRINT(.\Li
                    -stings\main.lst) TABS(2) OBJECT(.\Objects\main.obj)

line level    source

   1          #include "main.h"
   2          #include "stdio.h" // cac ham dung uart chua trong day
   3          #include "C:\hoc\8051\bai_tap\Library\Delay\Delay.h"
   4          #include "C:\hoc\8051\bai_tap\Library\UartMode1\UartMode1.h"
   5          
   6          void main()
   7          {
   8   1        char c;
   9   1        Uart_Init(); // khoi tao Uart mode 1, 9600baud, 1 start, 1 stop,8bit du lieu
  10   1      
  11   1        //  putchar('A'); // gui 1 ky tu ra Uart <=> Uart_Write trong thu vien UartMode1
  12   1        
  13   1        printf("Hello World\r\n");
  14   1        
  15   1        while(1)
  16   1        {
  17   2          Uart_Write_Text("Nhap vao 1 ky tu: ");
  18   2          c = _getkey(); // doi nguoi dung nhap vao 1 ky tu, sau do truyen ky tu do vao bien c <=> Uart_Read nhung
             - Uart_Read khong doi nguoi dung nhap
  19   2          putchar(c-32);
  20   2          Uart_Write_Text("\r\n");
  21   2          
  22   2        }
  23   1      }


MODULE INFORMATION:   STATIC OVERLAYABLE
   CODE SIZE        =     45    ----
   CONSTANT SIZE    =     36    ----
   XDATA SIZE       =   ----    ----
   PDATA SIZE       =   ----    ----
   DATA SIZE        =   ----       1
   IDATA SIZE       =   ----    ----
   BIT SIZE         =   ----    ----
END OF MODULE INFORMATION.


C51 COMPILATION COMPLETE.  0 WARNING(S),  0 ERROR(S)
