C51 COMPILER V9.60.7.0   MAIN                                                              08/18/2024 16:34:21 PAGE 1   


C51 COMPILER V9.60.7.0, COMPILATION OF MODULE MAIN
OBJECT MODULE PLACED IN .\Objects\main.obj
COMPILER INVOKED BY: C:\hoc\8051\Keil_C_v5\C51\BIN\C51.EXE main.c OPTIMIZE(8,SPEED) BROWSE DEBUG OBJECTEXTEND PRINT(.\Li
                    -stings\main.lst) TABS(2) OBJECT(.\Objects\main.obj)

line level    source

   1          #include "main.h"
   2          #include "C:\hoc\8051\bai_tap\Library\Delay\Delay.h"
   3          
   4          // dem tang tu 0-999
   5          void main()
   6          {
   7   1        unsigned char tram, chuc, donvi;
   8   1        unsigned int count = 0;
   9   1        unsigned char tam;
  10   1        while(1)
  11   1        {
  12   2          tram = count / 100;
  13   2          chuc = (count % 100)/10;
  14   2          donvi = count % 10;
  15   2          
  16   2          tam = chuc << 4;   // dich 4 bit cao tai port P2 vao bien tam sau do or voi bien don vi roi truyen vao p
             -ort P2
  17   2          tam = tam | donvi;
  18   2          P2 = tam;
  19   2          P3 = tram;
  20   2          
  21   2          Delay_ms(100);
  22   2          
  23   2          count++;
  24   2          count %= 1000;
  25   2        }
  26   1      }
  27          
  28          // dem giam tu 999 ve 0
  29          /*
  30          void main()
  31          {
  32            unsigned char tram, chuc, donvi;
  33            unsigned int count = 999;
  34            unsigned char tam;
  35            while(1)
  36            {
  37              tram = count / 100;
  38              chuc = (count % 100)/10;
  39              donvi = count % 10;
  40              
  41              tam = chuc << 4;   // dich 4 bit cao tai port P2 vao bien tam sau do or voi bien don vi roi truyen vao p
             -ort P2
  42              tam = tam | donvi;
  43              P2 = tam;
  44              P3 = tram;
  45              
  46              Delay_ms(100);
  47              
  48              count--;
  49              if(count == 0) break;
  50            
  51            }
  52          }
C51 COMPILER V9.60.7.0   MAIN                                                              08/18/2024 16:34:21 PAGE 2   

  53          */


MODULE INFORMATION:   STATIC OVERLAYABLE
   CODE SIZE        =    105    ----
   CONSTANT SIZE    =   ----    ----
   XDATA SIZE       =   ----    ----
   PDATA SIZE       =   ----    ----
   DATA SIZE        =   ----       6
   IDATA SIZE       =   ----    ----
   BIT SIZE         =   ----    ----
END OF MODULE INFORMATION.


C51 COMPILATION COMPLETE.  0 WARNING(S),  0 ERROR(S)
