C51 COMPILER V9.60.7.0   MAIN                                                              08/27/2024 17:49:01 PAGE 1   


C51 COMPILER V9.60.7.0, COMPILATION OF MODULE MAIN
OBJECT MODULE PLACED IN .\Objects\main.obj
COMPILER INVOKED BY: C:\hoc\8051\Keil_C_v5\C51\BIN\C51.EXE main.c OPTIMIZE(8,SPEED) BROWSE DEBUG OBJECTEXTEND PRINT(.\Li
                    -stings\main.lst) TABS(2) OBJECT(.\Objects\main.obj)

line level    source

   1          #include "main.h"
   2          #include "C:\hoc\8051\bai_tap\Library\Delay\Delay.h"
   3          
   4          // khai bao ket noi chan LCD
   5          #define LCD_DATA P0
   6          sbit LCD_RS = P2^6;
   7          sbit LCD_EN = P2^7;
   8          sbit LCD_RW = P2^5;
   9          
  10          //ham ghi lenh
  11          void LCD_CMD(unsigned char cmd)
  12          {
  13   1          // cho chan RS xuong muc thap de LCD hieu la ta muon ghi lenh
  14   1          LCD_RS = 0;
  15   1          // DATA = lenh
  16   1          LCD_DATA = cmd;
  17   1          //tao xung tren chan EN de cho phep ghi du lieu bang cach bat keo xuong 0 sau do bat len 1 hoac nguoc la
             -i
  18   1          LCD_EN = 0;
  19   1          LCD_EN = 1;
  20   1          // voi nhung lenh nho hon 0x02 thi Delay khoang 1.53s, con lon hon se Delay khoang 37us do vay ta chon 2
             -ms cho lenh <=0x02 va 1ms cho nhung lenh >0x02
  21   1          if(cmd <= 0x02)
  22   1          {
  23   2            Delay_ms(2);
  24   2          }
  25   1          else
  26   1          {
  27   2            Delay_ms(1);
  28   2          }
  29   1      }
  30          
  31          // ham ghi 1 ky tu len LCD
  32          void LCD_CHR_CP(char c) //Current Position
  33          {
  34   1          // cho chan RS len muc cao de LCD hieu la ta muon ghi du lieu len LCD
  35   1          LCD_RS = 1;
  36   1          // DATA = lenh
  37   1          LCD_DATA = c;
  38   1          //tao xung tren chan EN de cho phep ghi du lieu bang cach bat keo xuong 0 sau do bat len 1 hoac nguoc la
             -i
  39   1          LCD_EN = 0;
  40   1          LCD_EN = 1;
  41   1          Delay_ms(1);
  42   1      }
  43          //ham ghi 1 chuoi ky tu len LCD
  44          void LCD_OUT_CP(char *str)
  45          {
  46   1        unsigned char i = 0;
  47   1        while( *(str+i ) != 0 )
  48   1        {
  49   2          LCD_CHR_CP( *(str+i) );
  50   2          i++;
  51   2        }
C51 COMPILER V9.60.7.0   MAIN                                                              08/27/2024 17:49:01 PAGE 2   

  52   1      
  53   1      }
  54          void main()
  55          {
  56   1        //bat hien thi lcd va bat hien thi con tro
  57   1      //  LCD_CMD(0x0E);
  58   1        //bat hien thi lcd va tat hien thi con tro
  59   1        LCD_CMD(0x0C);
  60   1        //hien thi ky tu A len man hinh
  61   1      //  LCD_CHR_CP('A');
  62   1        //hien thi chuoi ky tu "Hello World"
  63   1        LCD_OUT_CP("Hello World");
  64   1        while(1)
  65   1        {
  66   2        
  67   2        }
  68   1      }


MODULE INFORMATION:   STATIC OVERLAYABLE
   CODE SIZE        =     92    ----
   CONSTANT SIZE    =     12    ----
   XDATA SIZE       =   ----    ----
   PDATA SIZE       =   ----    ----
   DATA SIZE        =   ----       4
   IDATA SIZE       =   ----    ----
   BIT SIZE         =   ----    ----
END OF MODULE INFORMATION.


C51 COMPILATION COMPLETE.  0 WARNING(S),  0 ERROR(S)
