C51 COMPILER V9.60.7.0   MAIN                                                              08/17/2024 17:23:38 PAGE 1   


C51 COMPILER V9.60.7.0, COMPILATION OF MODULE MAIN
OBJECT MODULE PLACED IN .\Objects\main.obj
COMPILER INVOKED BY: C:\hoc\8051\Keil_C_v5\C51\BIN\C51.EXE main.c OPTIMIZE(8,SPEED) BROWSE DEBUG OBJECTEXTEND PRINT(.\Li
                    -stings\main.lst) TABS(2) OBJECT(.\Objects\main.obj)

line level    source

   1          #include"main.h"
   2          #include"C:\hoc\8051\bai_tap\Library\Delay\Delay.h"
   3          
   4          sbit BTN = P1^0;
   5          bit pressFlag = 0;
   6          
   7          unsigned char DelayChedo()
   8          {
   9   1        unsigned char i;
  10   1        for(i=0; i<50; i++)
  11   1        {
  12   2          Delay_ms(10);
  13   2          if(BTN == 0)
  14   2          {
  15   3            if(pressFlag == 0 )
  16   3            {
  17   4              pressFlag = 1;
  18   4              return 1;
  19   4            }
  20   3          }
  21   2          else
  22   2          {
  23   3            pressFlag = 0;
  24   3          }
  25   2        }
  26   1        return 0;
  27   1      }
  28          
  29          void main()
  30          {
  31   1        unsigned char i;
  32   1      
  33   1        while(1)
  34   1        {
  35   2          //che do 1 chop tat led o port 2
  36   2          P2 = 0x00;
  37   2          for(i=0; i<10; i++)
  38   2          {
  39   3            if(DelayChedo()) break;
  40   3            P2 = ~P2;
  41   3          }
  42   2          
  43   2          // che do 2: chop tat xen ke o port 2
  44   2          P2 = 0xAA;
  45   2          for(i=0; i<10; i++)
  46   2          {
  47   3            if(DelayChedo()) break;
  48   3            P2 = ~P2;
  49   3          }
  50   2          
  51   2          //che do 3: chop tat 4 led dau và 4 led sau
  52   2          P2 = 0xF0;
  53   2          for(i=0; i<10; i++)
  54   2          {
C51 COMPILER V9.60.7.0   MAIN                                                              08/17/2024 17:23:38 PAGE 2   

  55   3            if(DelayChedo()) break;
  56   3            P2 = ~P2;
  57   3          }
  58   2        }
  59   1      }


MODULE INFORMATION:   STATIC OVERLAYABLE
   CODE SIZE        =    108    ----
   CONSTANT SIZE    =   ----    ----
   XDATA SIZE       =   ----    ----
   PDATA SIZE       =   ----    ----
   DATA SIZE        =   ----       2
   IDATA SIZE       =   ----    ----
   BIT SIZE         =      1    ----
END OF MODULE INFORMATION.


C51 COMPILATION COMPLETE.  0 WARNING(S),  0 ERROR(S)
