C51 COMPILER V9.60.7.0   MAIN                                                              08/27/2024 17:08:27 PAGE 1   


C51 COMPILER V9.60.7.0, COMPILATION OF MODULE MAIN
OBJECT MODULE PLACED IN .\Objects\main.obj
COMPILER INVOKED BY: C:\hoc\8051\Keil_C_v5\C51\BIN\C51.EXE main.c OPTIMIZE(8,SPEED) BROWSE DEBUG OBJECTEXTEND PRINT(.\Li
                    -stings\main.lst) TABS(2) OBJECT(.\Objects\main.obj)

line level    source

   1          #include "main.h"
   2          #include "C:\hoc\8051\bai_tap\Library\Delay\Delay.h"
   3          #include "C:\hoc\8051\bai_tap\Library\UartMode1\UartMode1.h"
   4          
   5          // ex2: nhan 1 lan de bat, nhan lan 2 de tat
   6          void main()
   7          {
   8   1        unsigned char cnt = 0;
   9   1        Uart_Init();
  10   1        while(1)
  11   1        {
  12   2          if(P1_0 == 0)
  13   2          {
  14   3            Delay_ms(20);
  15   3            cnt++;
  16   3            if( cnt%2 != 0 ) // so lan bam la le thi se gui lenh 0x01
  17   3            {
  18   4              Uart_Write(0x01);
  19   4            }
  20   3            if(cnt%2 == 0) // so lan bam la chan thi se gui lenh 0x00
  21   3            {
  22   4              Uart_Write(0x00);
  23   4            }
  24   3            while(P1_0 == 0); // cho nguoi dung nha phim 
  25   3          }
  26   2        
  27   2        }
  28   1      }
  29          
  30          
  31          // ex1: nhan nut ON de bat, nhan nut OFF de tat
  32          /* 
  33          void main()
  34          {
  35            Uart_Init();
  36            
  37            while(1)
  38            {
  39              if( P1_0 == 0 )
  40              {
  41                Delay_ms(20);
  42                Uart_Write(0x01);   // gui lenh on
  43                while( P1_0 == 0 ); // cho cho nguoi dung nha phim
  44              }
  45              if( P1_1 == 0 )
  46              {
  47                Delay_ms(20);
  48                Uart_Write(0x00);
  49                while( P1_1 == 0 );
  50              }
  51              
  52            }
  53          }
  54          */
C51 COMPILER V9.60.7.0   MAIN                                                              08/27/2024 17:08:27 PAGE 2   



MODULE INFORMATION:   STATIC OVERLAYABLE
   CODE SIZE        =     43    ----
   CONSTANT SIZE    =   ----    ----
   XDATA SIZE       =   ----    ----
   PDATA SIZE       =   ----    ----
   DATA SIZE        =   ----       1
   IDATA SIZE       =   ----    ----
   BIT SIZE         =   ----    ----
END OF MODULE INFORMATION.


C51 COMPILATION COMPLETE.  0 WARNING(S),  0 ERROR(S)
